5:41:36 PM [express] serving on port 5009
5:42:59 PM [express] GET /api/auth/me 401 in 2ms :: {"message":"Não autenticado"}
5:43:03 PM [express] POST /api/auth/login 200 in 62ms :: {"id":"user-admin-1","username":"icaro","nome":"ÍCARO RANDOLI","cargo":"Gerente"}
5:43:03 PM [express] GET /api/propostas 200 in 3ms :: [{"id":"pr1","clienteNome":"FRANCIELE","valor":"17.956,15","kwp":"8,40","status":"ABERTO","visualizacoes":3,"createdAt":"18/08/2025 | 13:20"},{"id":"pr2","clienteNome":"RUANDERSON DANIEL MEYER","valor":"31.034,58","kwp":"12,60","status":"ABERTO","visualizacoes":1,"createdAt":"01/08/2025 | 17:59"},{"id":"pr3","clienteNome":"ROSINEIA","valor":"18.100,00","kwp":"8,40","status":"ABERTO","visualizacoes":2,"createdAt":"01/08/2025 | 17:59"},{"id":"pr4","clienteNome":"CLAUDIO DE LIMA","valor":"7.037,72","kwp":"4,20","status":"PERDIDO","visualizacoes":1,"createdAt":"16/06/2025 | 17:02"},{"id":"pr5","clienteNome":"Alessandro da Silva","valor":"15.799,00","kwp":"8,40","status":"ABERTO","visualizacoes":2,"createdAt":"16/06/2025 | 17:02"},{"id":"pr6","clienteNome":"MARLENE","valor":"33.000,00","kwp":"16,80","status":"ABERTO","visualizacoes":4,"createdAt":"29/05/2025 | 19:02"},{"id":"pr7","clienteNome":"Kimberly","valor":"199.404,87","kwp":"84,00","status":"ABERTO","visualizacoes":8,"createdAt":"26/05/2025 | 16:36"},{"id":"pr8","clienteNome":"GABRIEL","valor":"8.999,00","kwp":"4,20","status":"ABERTO","visualizacoes":5,"createdAt":"26/05/2025 | 09:39"},{"id":"pr9","clienteNome":"IRANY","valor":"15.799,00","kwp":"8,40","status":"ABERTO","visualizacoes":1,"createdAt":"16/05/2025 | 03:07"},{"id":"pr10","clienteNome":"DANIELI PALERMO","valor":"17.435,79","kwp":"8,40","status":"ABERTO","visualizacoes":3,"createdAt":"13/05/2025 | 13:25"}]
5:43:03 PM [express] GET /api/agenda 200 in 3ms :: [{"id":"ag1","titulo":"Reunião com Marlene Ferreira","descricao":"Apresentar proposta final","data":"2026-03-10","hora":"10:00","tipo":"Reunião","clienteNome":"MARLENE FERREIRA","createdAt":"06/03/2026 | 08:00"},{"id":"ag2","titulo":"Visita técnica - Kimberly Santos","descricao":"Vistoria do local de instalação","data":"2026-03-12","hora":"14:00","tipo":"Visita técnica","clienteNome":"KIMBERLY SANTOS","createdAt":"06/03/2026 | 08:00"}]
5:43:03 PM [express] GET /api/vendas 200 in 2ms :: [{"id":"v1","clienteNome":"ELINALDO PINHEIRO DOS SANTOS","valor":"17.000,00","kwp":"8,40","status":"objetivo do cliente","proprietario":"GERENTE","temperatura":"","cpf":"007.510.873-94","email":"naldomidias871@gmail.com","telefone":"","cidade":"SINOP - MT","endereco":"Av. Capitolium","potencia":"0,00","modulos":0,"inversores":0,"topologiaInv":"String","distancia":"0,00","propostas":1,"visualizacoes":0,"notas":0,"validade":"26/02/2026","createdAt":"23/02/2026 | 09:35"},{"id":"v2","clienteNome":"RICARDO ROSSY","valor":"168.313,92","kwp":"63,24","status":"objetivo do cliente","proprietario":"GERENTE","temperatura":"","cpf":"012.345.678-99","email":"ricardo@email.com","telefone":"(65) 99901-2345","cidade":"SINOP - MT","endereco":"Rua dos Ipês, 852","potencia":"63,24","modulos":144,"inversores":4,"topologiaInv":"String","distancia":"2,50","propostas":3,"visualizacoes":5,"notas":2,"validade":"28/02/2026","createdAt":"10/01/2026 | 10:00"},{"id":"v3","clienteNome":"NATALIA DE CASTILHO FUNCK 06034...","valor":"21.880,00","kwp":"8,40","status":"objetivo do cliente","proprietario":"GERENTE","temperatura":"","cpf":"060.344.811-27","email":"natalia@email.com","telefone":"(65) 98877-6655","cidade":"Sinop - MT","endereco":"Rua das Flores, 501","potencia":"8,40","modulos":20,"inversores":1,"topologiaInv":"String","distancia":"1,20","propostas":2,"visualizacoes":3,"notas":1,"validade":"15/03/2026","createdAt":"01/02/2026 | 14:22"},{"id":"v4","clienteNome":"DIONEIA SOARES ANDRADE","valor":"15.899,00","kwp":"8,40","status":"objetivo do cliente","proprietario":"GERENTE","temperatura":"","cpf":"234.123.987-01","email":"dioneia@email.com","telefone":"(65) 97766-5544","cidade":"Sorriso - MT","endereco":"Av. Goiás, 789","potencia":"8,40","modulos":20,"inversores":1,"topologiaInv":"String","distancia":"0,80","propostas":1,"visualizacoes":2,"notas":0,"validade":"20/03/2026","createdAt":"05/02/2026 | 09:10"},{"id":"v5","clienteNome":"VALÉRIO PASQUALETTO","valor":"23.958,81","kwp":"12,60","status":"objetivo do cliente","proprietario":"GERENTE","temperatura":"","cpf":"678.901.234-55","email":"valerio@email.com","telefone":"(65) 96655-4433","cidade":"Lucas do Rio Verde - MT","endereco":"Rua Pioneiros, 321","potencia":"12,60","modulos":28,"inversores":1,"topologiaInv":"String","distancia":"3,00","propostas":2,"visualizacoes":4,"notas":1,"validade":"25/03/2026","createdAt":"08/02/2026 | 11:30"},{"id":"v6","clienteNome":"FRANCIELE APARECIDA SOUZA","valor":"17.956,15","kwp":"8,40","status":"solicitar a conta de luz","proprietario":"GERENTE","temperatura":"","cpf":"123.456.789-00","email":"franciele@email.com","telefone":"(65) 99123-4567","cidade":"Sinop - MT","endereco":"Av. das Flores, 123","potencia":"8,40","modulos":20,"inversores":1,"topologiaInv":"String","distancia":"1,00","propostas":1,"visualizacoes":1,"notas":0,"validade":"18/02/2026","createdAt":"18/08/2025 | 13:20"},{"id":"v7","clienteNome":"MARLENE FERREIRA","valor":"33.000,00","kwp":"16,80","status":"envio de proposta","proprietario":"GERENTE","temperatura":"","cpf":"567.890.123-44","email":"marlene@email.com","telefone":"(65) 99456-7890","cidade":"Cuiabá - MT","endereco":"Av. Getúlio Vargas, 987","potencia":"16,80","modulos":40,"inversores":2,"topologiaInv":"String","distancia":"2,00","propostas":2,"visualizacoes":6,"notas":3,"validade":"29/03/2026","createdAt":"29/05/2025 | 19:02"},{"id":"v8","clienteNome":"KIMBERLY SANTOS","valor":"199.404,87","kwp":"84,00","status":"Aguardando Entrega dos Materiais","proprietario":"GERENTE","temperatura":"","cpf":"678.901.234-55","email":"kimberly@email.com","telefone":"(65) 99567-8901","cidade":"Várzea Grande - MT","endereco":"Rua 7 de Setembro, 147","potencia":"84,00","modulos":192,"inversores":8,"topologiaInv":"String","distancia":"5,00","propostas":4,"visualizacoes":12,"notas":5,"validade":"01/04/2026","createdAt":"26/05/2025 | 16:36"}]
5:43:03 PM [express] GET /api/stats 200 in 7ms :: {"totalClientes":12,"totalPropostas":10,"totalVendas":8,"totalVendasValor":"497.412,75"}
5:43:07 PM [express] GET /api/clientes 200 in 3ms :: [{"id":"c1","nome":"FRANCIELE APARECIDA SOUZA","email":"franciele@email.com","telefone":"(65) 99123-4567","cpf":"123.456.789-00","cidade":"Sinop","estado":"MT","endereco":"Av. das Flores, 123","createdAt":"18/08/2025 | 13:20"},{"id":"c2","nome":"RUANDERSON DANIEL MEYER","email":"ruanderson@email.com","telefone":"(65) 98765-4321","cpf":"987.654.321-00","cidade":"Cuiabá","estado":"MT","endereco":"Rua do Comércio, 456","createdAt":"01/08/2025 | 17:59"},{"id":"c3","nome":"ROSINEIA COSTA","email":"rosineia@email.com","telefone":"(65) 99234-5678","cpf":"234.567.890-11","cidade":"Sorriso","estado":"MT","endereco":"Rua das Palmeiras, 789","createdAt":"01/08/2025 | 17:59"},{"id":"c4","nome":"CLAUDIO DE LIMA","email":"claudio@email.com","telefone":"(65) 99876-5432","cpf":"345.678.901-22","cidade":"Lucas do Rio Verde","estado":"MT","endereco":"Av. Central, 321","createdAt":"16/06/2025 | 17:02"},{"id":"c5","nome":"ALESSANDRO DA SILVA","email":"alessandro@email.com","telefone":"(65) 99345-6789","cpf":"456.789.012-33","cidade":"Sinop","estado":"MT","endereco":"Rua Mato Grosso, 654","createdAt":"16/06/2025 | 17:02"},{"id":"c6","nome":"MARLENE FERREIRA","email":"marlene@email.com","telefone":"(65) 99456-7890","cpf":"567.890.123-44","cidade":"Cuiabá","estado":"MT","endereco":"Av. Getúlio Vargas, 987","createdAt":"29/05/2025 | 19:02"},{"id":"c7","nome":"KIMBERLY SANTOS","email":"kimberly@email.com","telefone":"(65) 99567-8901","cpf":"678.901.234-55","cidade":"Várzea Grande","estado":"MT","endereco":"Rua 7 de Setembro, 147","createdAt":"26/05/2025 | 16:36"},{"id":"c8","nome":"GABRIEL OLIVEIRA","email":"gabriel@email.com","telefone":"(65) 99678-9012","cpf":"789.012.345-66","cidade":"Sinop","estado":"MT","endereco":"Av. Brasil, 258","createdAt":"26/05/2025 | 09:39"},{"id":"c9","nome":"IRANY PEREIRA","email":"irany@email.com","telefone":"(65) 99789-0123","cpf":"890.123.456-77","cidade":"Primavera do Leste","estado":"MT","endereco":"Rua das Acácias, 369","createdAt":"16/05/2025 | 03:07"},{"id":"c10","nome":"DANIELA PALERMO","email":"daniela@email.com","telefone":"(65) 99890-1234","cpf":"901.234.567-88","cidade":"Rondonópolis","estado":"MT","endereco":"Av. Rondon, 741","createdAt":"13/05/2025 | 13:25"},{"id":"c11","nome":"ELINALDO PINHEIRO DOS SANTOS","email":"naldomidias871@gmail.com","telefone":"","cpf":"007.510.873-94","cidade":"SINOP","estado":"MT","endereco":"Av. Capitolium - Bairro Belvedere Residencial II","createdAt":"23/02/2026 | 09:35"},{"id":"c12","nome":"RICARDO ROSSY","email":"ricardo@email.com","telefone":"(65) 99901-2345","cpf":"012.345.678-99","cidade":"Sinop","estado":"MT","endereco":"Rua dos Ipês, 852","createdAt":"10/01/2026 | 10:00"}]
5:43:11 PM [express] GET /api/kits 200 in 5ms :: [{"id":"k1","nome":"KIT DE 1000KW COM PAINEL T...","kwp":"8,06","preco":"16.750,00","precoPorKwp":"2.078,16","tensao":"220 V","estrutura":"Fibrocimento Est. Ma...","modulos":20,"inversores":1,"createdAt":"01/01/2025"},{"id":"k2","nome":"kit 1600 kw com Microinversor","kwp":"13,42","preco":"19.165,70","precoPorKwp":"1.428,14","tensao":"220 V","estrutura":"Metálica Ondulada","modulos":32,"inversores":8,"createdAt":"01/01/2025"},{"id":"k3","nome":"KIT 1000kw com inversor sungr...","kwp":"8,06","preco":"17.250,00","precoPorKwp":"2.140,20","tensao":"220 V","estrutura":"Fibrocimento Est. Ma...","modulos":20,"inversores":1,"createdAt":"01/01/2025"},{"id":"k4","nome":"KIT 2000KW COM MICRO INVE...","kwp":"17,50","preco":"20.130,76","precoPorKwp":"1.150,33","tensao":"220 V","estrutura":"Fibrocimento Est. Ma...","modulos":40,"inversores":10,"createdAt":"01/01/2025"},{"id":"k5","nome":"KIT 1000KW COM PAINEL DE 7...","kwp":"8,40","preco":"17.890,00","precoPorKwp":"2.129,76","tensao":"127 V","estrutura":"Fibrocimento Est. Ma...","modulos":20,"inversores":1,"createdAt":"01/01/2025"},{"id":"k6","nome":"KIT HIBRIDO COMPLETO 300 KW","kwp":"2,90","preco":"14.530,13","precoPorKwp":"5.010,39","tensao":"220 V","estrutura":"Fibrocimento Est. Ma...","modulos":8,"inversores":1,"createdAt":"01/01/2025"},{"id":"k7","nome":"kit 6300 kw","kwp":"55,30","preco":"81.218,70","precoPorKwp":"1.468,69","tensao":"220 V","estrutura":"Mini Trilho","modulos":126,"inversores":3,"createdAt":"01/01/2025"},{"id":"k8","nome":"KIT 3000 KW TELHADO METALI...","kwp":"25,90","preco":"26.272,62","precoPorKwp":"1.014,39","tensao":"127 V","estrutura":"Mini Trilho","modulos":60,"inversores":2,"createdAt":"01/01/2025"},{"id":"k9","nome":"KIT 11 MIL KW ESTRUTURA SO...","kwp":"105,00","preco":"143.662,76","precoPorKwp":"1.368,22","tensao":"127 V","estrutura":"Solo","modulos":240,"inversores":6,"createdAt":"01/01/2025"},{"id":"k10","nome":"4000 KW SEM VALOR DE INSTA...","kwp":"21,70","preco":"25.329,28","precoPorKwp":"1.167,25","tensao":"220 V","estrutura":"Mini Trilho","modulos":50,"inversores":2,"createdAt":"01/01/2025"},{"id":"k11","nome":"KIT 2500 KW SEM INCLUIR A IN...","kwp":"21,70","preco":"25.329,28","precoPorKwp":"1.167,25","tensao":"127 V","estrutura":"Fibrocimento Est. Ma...","modulos":50,"inversores":2,"createdAt":"01/01/2025"},{"id":"k12","nome":"kit 13 fibromadeira","kwp":"114,10","preco":"248.888,38","precoPorKwp":"2.181,32","tensao":"127 V","estrutura":"Fibrocimento Est. Ma...","modulos":260,"inversores":7,"createdAt":"01/01/2025"},{"id":"k13","nome":"kit 14 mil kw","kwp":"122,50","preco":"244.850,77","precoPorKwp":"1.998,78","tensao":"127 V","estrutura":"Metálica Ondulada","modulos":280,"inversores":8,"createdAt":"01/01/2025"},{"id":"k14","nome":"kit 21 mil kw","kwp":"189,04","preco":"213.982,20","precoPorKwp":"1.131,94","tensao":"127 V","estrutura":"Fibrocimento Est. Ma...","modulos":432,"inversores":12,"createdAt":"01/01/2025"},{"id":"k15","nome":"KIT DE 1550 KW COM MODUL...","kwp":"14,00","preco":"27.560,06","precoPorKwp":"1.968,58","tensao":"127 V","estrutura":"Fibrocimento Est. Ma...","modulos":32,"inversores":1,"createdAt":"01/01/2025"}]
5:43:29 PM [express] GET /api/auth/me 200 in 2ms :: {"id":"user-admin-1","username":"icaro","nome":"ÍCARO RANDOLI","cargo":"Gerente"}
5:43:29 PM [express] GET /api/clientes 304 in 1ms :: [{"id":"c1","nome":"FRANCIELE APARECIDA SOUZA","email":"franciele@email.com","telefone":"(65) 99123-4567","cpf":"123.456.789-00","cidade":"Sinop","estado":"MT","endereco":"Av. das Flores, 123","createdAt":"18/08/2025 | 13:20"},{"id":"c2","nome":"RUANDERSON DANIEL MEYER","email":"ruanderson@email.com","telefone":"(65) 98765-4321","cpf":"987.654.321-00","cidade":"Cuiabá","estado":"MT","endereco":"Rua do Comércio, 456","createdAt":"01/08/2025 | 17:59"},{"id":"c3","nome":"ROSINEIA COSTA","email":"rosineia@email.com","telefone":"(65) 99234-5678","cpf":"234.567.890-11","cidade":"Sorriso","estado":"MT","endereco":"Rua das Palmeiras, 789","createdAt":"01/08/2025 | 17:59"},{"id":"c4","nome":"CLAUDIO DE LIMA","email":"claudio@email.com","telefone":"(65) 99876-5432","cpf":"345.678.901-22","cidade":"Lucas do Rio Verde","estado":"MT","endereco":"Av. Central, 321","createdAt":"16/06/2025 | 17:02"},{"id":"c5","nome":"ALESSANDRO DA SILVA","email":"alessandro@email.com","telefone":"(65) 99345-6789","cpf":"456.789.012-33","cidade":"Sinop","estado":"MT","endereco":"Rua Mato Grosso, 654","createdAt":"16/06/2025 | 17:02"},{"id":"c6","nome":"MARLENE FERREIRA","email":"marlene@email.com","telefone":"(65) 99456-7890","cpf":"567.890.123-44","cidade":"Cuiabá","estado":"MT","endereco":"Av. Getúlio Vargas, 987","createdAt":"29/05/2025 | 19:02"},{"id":"c7","nome":"KIMBERLY SANTOS","email":"kimberly@email.com","telefone":"(65) 99567-8901","cpf":"678.901.234-55","cidade":"Várzea Grande","estado":"MT","endereco":"Rua 7 de Setembro, 147","createdAt":"26/05/2025 | 16:36"},{"id":"c8","nome":"GABRIEL OLIVEIRA","email":"gabriel@email.com","telefone":"(65) 99678-9012","cpf":"789.012.345-66","cidade":"Sinop","estado":"MT","endereco":"Av. Brasil, 258","createdAt":"26/05/2025 | 09:39"},{"id":"c9","nome":"IRANY PEREIRA","email":"irany@email.com","telefone":"(65) 99789-0123","cpf":"890.123.456-77","cidade":"Primavera do Leste","estado":"MT","endereco":"Rua das Acácias, 369","createdAt":"16/05/2025 | 03:07"},{"id":"c10","nome":"DANIELA PALERMO","email":"daniela@email.com","telefone":"(65) 99890-1234","cpf":"901.234.567-88","cidade":"Rondonópolis","estado":"MT","endereco":"Av. Rondon, 741","createdAt":"13/05/2025 | 13:25"},{"id":"c11","nome":"ELINALDO PINHEIRO DOS SANTOS","email":"naldomidias871@gmail.com","telefone":"","cpf":"007.510.873-94","cidade":"SINOP","estado":"MT","endereco":"Av. Capitolium - Bairro Belvedere Residencial II","createdAt":"23/02/2026 | 09:35"},{"id":"c12","nome":"RICARDO ROSSY","email":"ricardo@email.com","telefone":"(65) 99901-2345","cpf":"012.345.678-99","cidade":"Sinop","estado":"MT","endereco":"Rua dos Ipês, 852","createdAt":"10/01/2026 | 10:00"}]
5:43:29 PM [express] GET /api/vendas 304 in 1ms :: [{"id":"v1","clienteNome":"ELINALDO PINHEIRO DOS SANTOS","valor":"17.000,00","kwp":"8,40","status":"objetivo do cliente","proprietario":"GERENTE","temperatura":"","cpf":"007.510.873-94","email":"naldomidias871@gmail.com","telefone":"","cidade":"SINOP - MT","endereco":"Av. Capitolium","potencia":"0,00","modulos":0,"inversores":0,"topologiaInv":"String","distancia":"0,00","propostas":1,"visualizacoes":0,"notas":0,"validade":"26/02/2026","createdAt":"23/02/2026 | 09:35"},{"id":"v2","clienteNome":"RICARDO ROSSY","valor":"168.313,92","kwp":"63,24","status":"objetivo do cliente","proprietario":"GERENTE","temperatura":"","cpf":"012.345.678-99","email":"ricardo@email.com","telefone":"(65) 99901-2345","cidade":"SINOP - MT","endereco":"Rua dos Ipês, 852","potencia":"63,24","modulos":144,"inversores":4,"topologiaInv":"String","distancia":"2,50","propostas":3,"visualizacoes":5,"notas":2,"validade":"28/02/2026","createdAt":"10/01/2026 | 10:00"},{"id":"v3","clienteNome":"NATALIA DE CASTILHO FUNCK 06034...","valor":"21.880,00","kwp":"8,40","status":"objetivo do cliente","proprietario":"GERENTE","temperatura":"","cpf":"060.344.811-27","email":"natalia@email.com","telefone":"(65) 98877-6655","cidade":"Sinop - MT","endereco":"Rua das Flores, 501","potencia":"8,40","modulos":20,"inversores":1,"topologiaInv":"String","distancia":"1,20","propostas":2,"visualizacoes":3,"notas":1,"validade":"15/03/2026","createdAt":"01/02/2026 | 14:22"},{"id":"v4","clienteNome":"DIONEIA SOARES ANDRADE","valor":"15.899,00","kwp":"8,40","status":"objetivo do cliente","proprietario":"GERENTE","temperatura":"","cpf":"234.123.987-01","email":"dioneia@email.com","telefone":"(65) 97766-5544","cidade":"Sorriso - MT","endereco":"Av. Goiás, 789","potencia":"8,40","modulos":20,"inversores":1,"topologiaInv":"String","distancia":"0,80","propostas":1,"visualizacoes":2,"notas":0,"validade":"20/03/2026","createdAt":"05/02/2026 | 09:10"},{"id":"v5","clienteNome":"VALÉRIO PASQUALETTO","valor":"23.958,81","kwp":"12,60","status":"objetivo do cliente","proprietario":"GERENTE","temperatura":"","cpf":"678.901.234-55","email":"valerio@email.com","telefone":"(65) 96655-4433","cidade":"Lucas do Rio Verde - MT","endereco":"Rua Pioneiros, 321","potencia":"12,60","modulos":28,"inversores":1,"topologiaInv":"String","distancia":"3,00","propostas":2,"visualizacoes":4,"notas":1,"validade":"25/03/2026","createdAt":"08/02/2026 | 11:30"},{"id":"v6","clienteNome":"FRANCIELE APARECIDA SOUZA","valor":"17.956,15","kwp":"8,40","status":"solicitar a conta de luz","proprietario":"GERENTE","temperatura":"","cpf":"123.456.789-00","email":"franciele@email.com","telefone":"(65) 99123-4567","cidade":"Sinop - MT","endereco":"Av. das Flores, 123","potencia":"8,40","modulos":20,"inversores":1,"topologiaInv":"String","distancia":"1,00","propostas":1,"visualizacoes":1,"notas":0,"validade":"18/02/2026","createdAt":"18/08/2025 | 13:20"},{"id":"v7","clienteNome":"MARLENE FERREIRA","valor":"33.000,00","kwp":"16,80","status":"envio de proposta","proprietario":"GERENTE","temperatura":"","cpf":"567.890.123-44","email":"marlene@email.com","telefone":"(65) 99456-7890","cidade":"Cuiabá - MT","endereco":"Av. Getúlio Vargas, 987","potencia":"16,80","modulos":40,"inversores":2,"topologiaInv":"String","distancia":"2,00","propostas":2,"visualizacoes":6,"notas":3,"validade":"29/03/2026","createdAt":"29/05/2025 | 19:02"},{"id":"v8","clienteNome":"KIMBERLY SANTOS","valor":"199.404,87","kwp":"84,00","status":"Aguardando Entrega dos Materiais","proprietario":"GERENTE","temperatura":"","cpf":"678.901.234-55","email":"kimberly@email.com","telefone":"(65) 99567-8901","cidade":"Várzea Grande - MT","endereco":"Rua 7 de Setembro, 147","potencia":"84,00","modulos":192,"inversores":8,"topologiaInv":"String","distancia":"5,00","propostas":4,"visualizacoes":12,"notas":5,"validade":"01/04/2026","createdAt":"26/05/2025 | 16:36"}]
5:43:29 PM [express] GET /api/kits 304 in 1ms :: [{"id":"k1","nome":"KIT DE 1000KW COM PAINEL T...","kwp":"8,06","preco":"16.750,00","precoPorKwp":"2.078,16","tensao":"220 V","estrutura":"Fibrocimento Est. Ma...","modulos":20,"inversores":1,"createdAt":"01/01/2025"},{"id":"k2","nome":"kit 1600 kw com Microinversor","kwp":"13,42","preco":"19.165,70","precoPorKwp":"1.428,14","tensao":"220 V","estrutura":"Metálica Ondulada","modulos":32,"inversores":8,"createdAt":"01/01/2025"},{"id":"k3","nome":"KIT 1000kw com inversor sungr...","kwp":"8,06","preco":"17.250,00","precoPorKwp":"2.140,20","tensao":"220 V","estrutura":"Fibrocimento Est. Ma...","modulos":20,"inversores":1,"createdAt":"01/01/2025"},{"id":"k4","nome":"KIT 2000KW COM MICRO INVE...","kwp":"17,50","preco":"20.130,76","precoPorKwp":"1.150,33","tensao":"220 V","estrutura":"Fibrocimento Est. Ma...","modulos":40,"inversores":10,"createdAt":"01/01/2025"},{"id":"k5","nome":"KIT 1000KW COM PAINEL DE 7...","kwp":"8,40","preco":"17.890,00","precoPorKwp":"2.129,76","tensao":"127 V","estrutura":"Fibrocimento Est. Ma...","modulos":20,"inversores":1,"createdAt":"01/01/2025"},{"id":"k6","nome":"KIT HIBRIDO COMPLETO 300 KW","kwp":"2,90","preco":"14.530,13","precoPorKwp":"5.010,39","tensao":"220 V","estrutura":"Fibrocimento Est. Ma...","modulos":8,"inversores":1,"createdAt":"01/01/2025"},{"id":"k7","nome":"kit 6300 kw","kwp":"55,30","preco":"81.218,70","precoPorKwp":"1.468,69","tensao":"220 V","estrutura":"Mini Trilho","modulos":126,"inversores":3,"createdAt":"01/01/2025"},{"id":"k8","nome":"KIT 3000 KW TELHADO METALI...","kwp":"25,90","preco":"26.272,62","precoPorKwp":"1.014,39","tensao":"127 V","estrutura":"Mini Trilho","modulos":60,"inversores":2,"createdAt":"01/01/2025"},{"id":"k9","nome":"KIT 11 MIL KW ESTRUTURA SO...","kwp":"105,00","preco":"143.662,76","precoPorKwp":"1.368,22","tensao":"127 V","estrutura":"Solo","modulos":240,"inversores":6,"createdAt":"01/01/2025"},{"id":"k10","nome":"4000 KW SEM VALOR DE INSTA...","kwp":"21,70","preco":"25.329,28","precoPorKwp":"1.167,25","tensao":"220 V","estrutura":"Mini Trilho","modulos":50,"inversores":2,"createdAt":"01/01/2025"},{"id":"k11","nome":"KIT 2500 KW SEM INCLUIR A IN...","kwp":"21,70","preco":"25.329,28","precoPorKwp":"1.167,25","tensao":"127 V","estrutura":"Fibrocimento Est. Ma...","modulos":50,"inversores":2,"createdAt":"01/01/2025"},{"id":"k12","nome":"kit 13 fibromadeira","kwp":"114,10","preco":"248.888,38","precoPorKwp":"2.181,32","tensao":"127 V","estrutura":"Fibrocimento Est. Ma...","modulos":260,"inversores":7,"createdAt":"01/01/2025"},{"id":"k13","nome":"kit 14 mil kw","kwp":"122,50","preco":"244.850,77","precoPorKwp":"1.998,78","tensao":"127 V","estrutura":"Metálica Ondulada","modulos":280,"inversores":8,"createdAt":"01/01/2025"},{"id":"k14","nome":"kit 21 mil kw","kwp":"189,04","preco":"213.982,20","precoPorKwp":"1.131,94","tensao":"127 V","estrutura":"Fibrocimento Est. Ma...","modulos":432,"inversores":12,"createdAt":"01/01/2025"},{"id":"k15","nome":"KIT DE 1550 KW COM MODUL...","kwp":"14,00","preco":"27.560,06","precoPorKwp":"1.968,58","tensao":"127 V","estrutura":"Fibrocimento Est. Ma...","modulos":32,"inversores":1,"createdAt":"01/01/2025"}]
6:37:48 PM [express] serving on port 5009
7:26:47 PM [express] serving on port 5009
9:43:32 PM [express] serving on port 5009
9:44:20 PM [express] serving on port 5009
9:45:06 PM [express] serving on port 5009
9:46:44 PM [express] serving on port 5009
10:06:17 PM [express] serving on port 5009
10:30:25 PM [express] serving on port 5009
10:35:36 PM [express] serving on port 5009
10:36:50 PM [express] serving on port 5009
10:38:46 PM [express] serving on port 5009
10:59:53 PM [express] serving on port 5009
11:01:52 PM [express] serving on port 5009
11:36:23 PM [express] serving on port 5009
11:38:30 PM [express] serving on port 5009
3:00:49 PM [express] serving on port 5009
3:03:02 PM [express] serving on port 5009
3:04:26 PM [express] serving on port 5009
11:16:16 PM [express] serving on port 5009
11:32:18 PM [express] serving on port 5009
11:45:17 PM [express] serving on port 5009
12:01:33 AM [express] serving on port 5009
12:31:55 AM [express] serving on port 5009
12:38:50 AM [express] serving on port 5009
12:40:52 AM [express] serving on port 5009
12:41:23 AM [express] serving on port 5009
12:44:54 AM [express] serving on port 5009
2:26:09 PM [express] serving on port 5009
4:37:45 PM [express] serving on port 5009
4:55:49 PM [express] serving on port 5009
5:42:22 PM [express] GET /api/.env 401 in 3ms :: {"message":"Não autenticado"}
6:19:24 PM [express] serving on port 5009
6:21:15 PM [express] serving on port 5009
6:24:30 PM [express] serving on port 5009
6:29:37 PM [express] serving on port 5009
6:35:39 PM [express] serving on port 5009
6:38:33 PM [express] serving on port 5009
6:42:15 PM [express] serving on port 5009
6:48:51 PM [express] serving on port 5009
6:51:12 PM [express] serving on port 5009
6:53:48 PM [express] serving on port 5009
6:57:14 PM [express] serving on port 5009
7:08:32 PM [express] serving on port 5009
9:37:44 PM [express] serving on port 5009
9:40:15 PM [express] serving on port 5009
9:45:54 PM [express] serving on port 5009
9:47:47 PM [express] serving on port 5009
9:55:24 PM [express] serving on port 5009
10:03:37 PM [express] serving on port 5009
10:06:46 PM [express] serving on port 5009
10:12:29 PM [express] serving on port 5009
10:16:34 PM [express] serving on port 5009
10:20:28 PM [express] serving on port 5009
10:28:26 PM [express] serving on port 5009
10:35:54 PM [express] serving on port 5009
10:41:14 PM [express] serving on port 5009
10:47:54 PM [express] serving on port 5009
10:49:06 PM [express] serving on port 5009
10:52:13 PM [express] serving on port 5009
10:55:40 PM [express] serving on port 5009
10:56:25 PM [express] serving on port 5009
11:17:02 PM [express] serving on port 5009
11:17:46 PM [express] serving on port 5009
3:22:38 AM [express] serving on port 5009
3:23:03 AM [express] serving on port 5009
3:26:42 AM [express] serving on port 5009
3:31:19 AM [express] serving on port 5009
3:41:26 AM [express] serving on port 5009
3:45:08 AM [express] serving on port 5009
3:46:56 AM [express] serving on port 5009
3:51:53 AM [express] serving on port 5009
4:47:21 AM [express] serving on port 5009
4:52:01 AM [express] serving on port 5009
4:56:41 AM [express] serving on port 5009
5:08:18 AM [express] serving on port 5009
5:20:33 AM [express] serving on port 5009
7:39:27 PM [express] GET /api/auth/me 401 in 25ms :: {"message":"Não autenticado"}
7:39:30 PM [express] POST /api/auth/login 401 in 4ms :: {"message":"Usuário não encontrado"}
7:39:43 PM [express] POST /api/auth/login 401 in 0ms :: {"message":"Usuário não encontrado"}
7:39:50 PM [express] POST /api/auth/login 401 in 2ms :: {"message":"Usuário não encontrado"}
7:40:00 PM [express] POST /api/auth/login 401 in 2ms :: {"message":"Usuário não encontrado"}
7:41:39 PM [express] GET /api/auth/me 401 in 2ms :: {"message":"Não autenticado"}
7:41:46 PM [express] POST /api/auth/login 401 in 1ms :: {"message":"Usuário não encontrado"}
7:41:52 PM [express] POST /api/auth/login 401 in 2ms :: {"message":"Usuário não encontrado"}
7:41:56 PM [express] POST /api/auth/login 401 in 1ms :: {"message":"Usuário não encontrado"}
7:42:00 PM [express] POST /api/auth/login 401 in 2ms :: {"message":"Usuário não encontrado"}
7:42:02 PM [express] POST /api/auth/login 401 in 1ms :: {"message":"Usuário não encontrado"}
7:42:04 PM [express] POST /api/auth/login 401 in 1ms :: {"message":"Usuário não encontrado"}
7:42:08 PM [express] POST /api/auth/login 401 in 1ms :: {"message":"Usuário não encontrado"}
7:42:09 PM [express] POST /api/auth/login 401 in 2ms :: {"message":"Usuário não encontrado"}
7:42:11 PM [express] POST /api/auth/login 401 in 5ms :: {"message":"Usuário não encontrado"}
7:42:19 PM [express] POST /api/auth/login 401 in 1ms :: {"message":"Usuário não encontrado"}
7:44:24 PM [express] POST /api/auth/login 401 in 0ms :: {"message":"Usuário não encontrado"}
7:44:24 PM [express] POST /api/auth/login 401 in 0ms :: {"message":"Usuário não encontrado"}
7:44:36 PM [express] POST /api/auth/login 401 in 1ms :: {"message":"Usuário não encontrado"}
7:44:38 PM [express] POST /api/auth/login 401 in 1ms :: {"message":"Usuário não encontrado"}
