0 verbose cli /usr/bin/node /usr/bin/npm
1 info using npm@10.8.2
2 info using node@v20.20.1
3 silly config load:file:/usr/lib/node_modules/npm/npmrc
4 silly config load:file:/root/.npmrc
5 silly config load:file:/usr/etc/npmrc
6 verbose title npm install
7 verbose argv "install"
8 verbose logfile logs-max:10 dir:/root/.npm/_logs/2026-03-14T00_06_08_127Z-
9 verbose logfile /root/.npm/_logs/2026-03-14T00_06_08_127Z-debug-0.log
10 silly packumentCache heap:2197815296 maxSize:549453824 maxEntrySize:274726912
11 silly logfile start cleaning logs, removing 1 files
12 silly logfile done cleaning log files
13 silly idealTree buildDeps
14 silly reify moves {}
15 verbose reify failed optional dependency /root/node_modules/@tailwindcss/oxide-wasm32-wasi
16 silly reify mark deleted [ '/root/node_modules/@tailwindcss/oxide-wasm32-wasi' ]
17 silly audit bulk request {
17 silly audit   '@alloc/quick-lru': [ '5.2.0' ],
17 silly audit   '@babel/code-frame': [ '7.27.1' ],
17 silly audit   '@babel/compat-data': [ '7.28.4' ],
17 silly audit   '@babel/core': [ '7.28.4' ],
17 silly audit   '@babel/generator': [ '7.28.3' ],
17 silly audit   '@babel/helper-compilation-targets': [ '7.27.2' ],
17 silly audit   '@babel/helper-globals': [ '7.28.0' ],
17 silly audit   '@babel/helper-module-imports': [ '7.27.1' ],
17 silly audit   '@babel/helper-module-transforms': [ '7.28.3' ],
17 silly audit   '@babel/helper-plugin-utils': [ '7.27.1' ],
17 silly audit   '@babel/helper-string-parser': [ '7.27.1' ],
17 silly audit   '@babel/helper-validator-identifier': [ '7.27.1' ],
17 silly audit   '@babel/helper-validator-option': [ '7.27.1' ],
17 silly audit   '@babel/helpers': [ '7.28.4' ],
17 silly audit   '@babel/parser': [ '7.28.4' ],
17 silly audit   '@babel/plugin-transform-react-jsx-self': [ '7.27.1' ],
17 silly audit   '@babel/plugin-transform-react-jsx-source': [ '7.27.1' ],
17 silly audit   '@babel/runtime': [ '7.27.0' ],
17 silly audit   '@babel/template': [ '7.27.2' ],
17 silly audit   '@babel/traverse': [ '7.28.4' ],
17 silly audit   '@babel/types': [ '7.28.4' ],
17 silly audit   '@drizzle-team/brocli': [ '0.10.2' ],
17 silly audit   '@esbuild/aix-ppc64': [ '0.25.12', '0.27.2' ],
17 silly audit   '@esbuild/android-arm': [ '0.25.12', '0.27.2' ],
17 silly audit   '@esbuild/android-arm64': [ '0.25.12', '0.27.2' ],
17 silly audit   '@esbuild/android-x64': [ '0.25.12', '0.27.2' ],
17 silly audit   '@esbuild/darwin-arm64': [ '0.25.12', '0.27.2' ],
17 silly audit   '@esbuild/darwin-x64': [ '0.25.12', '0.27.2' ],
17 silly audit   '@esbuild/freebsd-arm64': [ '0.25.12', '0.27.2' ],
17 silly audit   '@esbuild/freebsd-x64': [ '0.25.12', '0.27.2' ],
17 silly audit   '@esbuild/linux-arm': [ '0.25.12', '0.27.2' ],
17 silly audit   '@esbuild/linux-arm64': [ '0.25.12', '0.27.2' ],
17 silly audit   '@esbuild/linux-ia32': [ '0.25.12', '0.27.2' ],
17 silly audit   '@esbuild/linux-loong64': [ '0.25.12', '0.27.2' ],
17 silly audit   '@esbuild/linux-mips64el': [ '0.25.12', '0.27.2' ],
17 silly audit   '@esbuild/linux-ppc64': [ '0.25.12', '0.27.2' ],
17 silly audit   '@esbuild/linux-riscv64': [ '0.25.12', '0.27.2' ],
17 silly audit   '@esbuild/linux-s390x': [ '0.25.12', '0.27.2' ],
17 silly audit   '@esbuild/linux-x64': [ '0.25.12', '0.27.2' ],
17 silly audit   '@esbuild/netbsd-arm64': [ '0.25.12', '0.27.2' ],
17 silly audit   '@esbuild/netbsd-x64': [ '0.25.12', '0.27.2' ],
17 silly audit   '@esbuild/openbsd-arm64': [ '0.25.12', '0.27.2' ],
17 silly audit   '@esbuild/openbsd-x64': [ '0.25.12', '0.27.2' ],
17 silly audit   '@esbuild/openharmony-arm64': [ '0.25.12', '0.27.2' ],
17 silly audit   '@esbuild/sunos-x64': [ '0.25.12', '0.27.2' ],
17 silly audit   '@esbuild/win32-arm64': [ '0.25.12', '0.27.2' ],
17 silly audit   '@esbuild/win32-ia32': [ '0.25.12', '0.27.2' ],
17 silly audit   '@esbuild/win32-x64': [ '0.25.12', '0.27.2' ],
17 silly audit   '@floating-ui/core': [ '1.6.9' ],
17 silly audit   '@floating-ui/dom': [ '1.6.13' ],
17 silly audit   '@floating-ui/react-dom': [ '2.1.2' ],
17 silly audit   '@floating-ui/utils': [ '0.2.9' ],
17 silly audit   '@google-cloud/paginator': [ '5.0.2' ],
17 silly audit   '@google-cloud/projectify': [ '4.0.0' ],
17 silly audit   '@google-cloud/promisify': [ '4.0.0' ],
17 silly audit   '@google-cloud/storage': [ '7.19.0' ],
17 silly audit   'gcp-metadata': [ '6.1.1', '8.1.2' ],
17 silly audit   'google-auth-library': [ '9.15.1', '10.6.1' ],
17 silly audit   'google-logging-utils': [ '0.0.2', '1.1.3' ],
17 silly audit   '@hello-pangea/dnd': [ '18.0.1' ],
17 silly audit   '@hookform/resolvers': [ '3.10.0' ],
17 silly audit   '@isaacs/cliui': [ '8.0.2' ],
17 silly audit   '@jridgewell/gen-mapping': [ '0.3.13' ],
17 silly audit   '@jridgewell/remapping': [ '2.3.5' ],
17 silly audit   '@jridgewell/resolve-uri': [ '3.1.2' ],
17 silly audit   '@jridgewell/sourcemap-codec': [ '1.5.5' ],
17 silly audit   '@jridgewell/trace-mapping': [ '0.3.31' ],
17 silly audit   '@nodelib/fs.scandir': [ '2.1.5' ],
17 silly audit   '@nodelib/fs.stat': [ '2.0.5' ],
17 silly audit   '@nodelib/fs.walk': [ '1.2.8' ],
17 silly audit   '@octokit/auth-token': [ '5.1.2' ],
17 silly audit   '@octokit/core': [ '6.1.6' ],
17 silly audit   '@octokit/endpoint': [ '10.1.4' ],
17 silly audit   '@octokit/graphql': [ '8.2.2' ],
17 silly audit   '@octokit/openapi-types': [ '25.1.0', '24.2.0' ],
17 silly audit   '@octokit/plugin-paginate-rest': [ '11.6.0' ],
17 silly audit   '@octokit/types': [ '13.10.0', '14.1.0' ],
17 silly audit   '@octokit/plugin-request-log': [ '5.3.1' ],
17 silly audit   '@octokit/plugin-rest-endpoint-methods': [ '13.5.0' ],
17 silly audit   '@octokit/request': [ '9.2.4' ],
17 silly audit   '@octokit/request-error': [ '6.1.8' ],
17 silly audit   '@octokit/rest': [ '21.1.1' ],
17 silly audit   '@pkgjs/parseargs': [ '0.11.0' ],
17 silly audit   '@radix-ui/number': [ '1.1.1' ],
17 silly audit   '@radix-ui/primitive': [ '1.1.2' ],
17 silly audit   '@radix-ui/react-accordion': [ '1.2.4' ],
17 silly audit   '@radix-ui/react-alert-dialog': [ '1.1.7' ],
17 silly audit   '@radix-ui/react-arrow': [ '1.1.3' ],
17 silly audit   '@radix-ui/react-aspect-ratio': [ '1.1.3' ],
17 silly audit   '@radix-ui/react-avatar': [ '1.1.4' ],
17 silly audit   '@radix-ui/react-checkbox': [ '1.1.5' ],
17 silly audit   '@radix-ui/react-collapsible': [ '1.1.4' ],
17 silly audit   '@radix-ui/react-collection': [ '1.1.3' ],
17 silly audit   '@radix-ui/react-compose-refs': [ '1.1.2' ],
17 silly audit   '@radix-ui/react-context': [ '1.1.2' ],
17 silly audit   '@radix-ui/react-context-menu': [ '2.2.7' ],
17 silly audit   '@radix-ui/react-dialog': [ '1.1.7' ],
17 silly audit   '@radix-ui/react-direction': [ '1.1.1' ],
17 silly audit   '@radix-ui/react-dismissable-layer': [ '1.1.6' ],
17 silly audit   '@radix-ui/react-dropdown-menu': [ '2.1.7' ],
17 silly audit   '@radix-ui/react-focus-guards': [ '1.1.2' ],
17 silly audit   '@radix-ui/react-focus-scope': [ '1.1.3' ],
17 silly audit   '@radix-ui/react-hover-card': [ '1.1.7' ],
17 silly audit   '@radix-ui/react-id': [ '1.1.1' ],
17 silly audit   '@radix-ui/react-label': [ '2.1.3' ],
17 silly audit   '@radix-ui/react-menu': [ '2.1.7' ],
17 silly audit   '@radix-ui/react-menubar': [ '1.1.7' ],
17 silly audit   '@radix-ui/react-navigation-menu': [ '1.2.6' ],
17 silly audit   '@radix-ui/react-popover': [ '1.1.7' ],
17 silly audit   '@radix-ui/react-popper': [ '1.2.3' ],
17 silly audit   '@radix-ui/react-portal': [ '1.1.5' ],
17 silly audit   '@radix-ui/react-presence': [ '1.1.3' ],
17 silly audit   '@radix-ui/react-primitive': [ '2.0.3' ],
17 silly audit   '@radix-ui/react-progress': [ '1.1.3' ],
17 silly audit   '@radix-ui/react-radio-group': [ '1.2.4' ],
17 silly audit   '@radix-ui/react-roving-focus': [ '1.1.3' ],
17 silly audit   '@radix-ui/react-scroll-area': [ '1.2.4' ],
17 silly audit   '@radix-ui/react-select': [ '2.1.7' ],
17 silly audit   '@radix-ui/react-separator': [ '1.1.3' ],
17 silly audit   '@radix-ui/react-slider': [ '1.2.4' ],
17 silly audit   '@radix-ui/react-slot': [ '1.2.0' ],
17 silly audit   '@radix-ui/react-switch': [ '1.1.4' ],
17 silly audit   '@radix-ui/react-tabs': [ '1.1.4' ],
17 silly audit   '@radix-ui/react-toast': [ '1.2.7' ],
17 silly audit   '@radix-ui/react-toggle': [ '1.1.3' ],
17 silly audit   '@radix-ui/react-toggle-group': [ '1.1.3' ],
17 silly audit   '@radix-ui/react-tooltip': [ '1.2.0' ],
17 silly audit   '@radix-ui/react-use-callback-ref': [ '1.1.1' ],
17 silly audit   '@radix-ui/react-use-controllable-state': [ '1.1.1' ],
17 silly audit   '@radix-ui/react-use-escape-keydown': [ '1.1.1' ],
17 silly audit   '@radix-ui/react-use-layout-effect': [ '1.1.1' ],
17 silly audit   '@radix-ui/react-use-previous': [ '1.1.1' ],
17 silly audit   '@radix-ui/react-use-rect': [ '1.1.1' ],
17 silly audit   '@radix-ui/react-use-size': [ '1.1.1' ],
17 silly audit   '@radix-ui/react-visually-hidden': [ '1.1.3' ],
17 silly audit   '@radix-ui/rect': [ '1.1.1' ],
17 silly audit   '@replit/connectors-sdk': [ '0.2.0' ],
17 silly audit   '@replit/vite-plugin-cartographer': [ '0.4.4' ],
17 silly audit   '@replit/vite-plugin-dev-banner': [ '0.1.1' ],
17 silly audit   '@replit/vite-plugin-runtime-error-modal': [ '0.0.3' ],
17 silly audit   '@rolldown/pluginutils': [ '1.0.0-beta.27' ],
17 silly audit   '@rollup/rollup-android-arm-eabi': [ '4.53.5' ],
17 silly audit   '@rollup/rollup-android-arm64': [ '4.53.5' ],
17 silly audit   '@rollup/rollup-darwin-arm64': [ '4.53.5' ],
17 silly audit   '@rollup/rollup-darwin-x64': [ '4.53.5' ],
17 silly audit   '@rollup/rollup-freebsd-arm64': [ '4.53.5' ],
17 silly audit   '@rollup/rollup-freebsd-x64': [ '4.53.5' ],
17 silly audit   '@rollup/rollup-linux-arm-gnueabihf': [ '4.53.5' ],
17 silly audit   '@rollup/rollup-linux-arm-musleabihf': [ '4.53.5' ],
17 silly audit   '@rollup/rollup-linux-arm64-gnu': [ '4.53.5' ],
17 silly audit   '@rollup/rollup-linux-arm64-musl': [ '4.53.5' ],
17 silly audit   '@rollup/rollup-linux-loong64-gnu': [ '4.53.5' ],
17 silly audit   '@rollup/rollup-linux-ppc64-gnu': [ '4.53.5' ],
17 silly audit   '@rollup/rollup-linux-riscv64-gnu': [ '4.53.5' ],
17 silly audit   '@rollup/rollup-linux-riscv64-musl': [ '4.53.5' ],
17 silly audit   '@rollup/rollup-linux-s390x-gnu': [ '4.53.5' ],
17 silly audit   '@rollup/rollup-linux-x64-gnu': [ '4.53.5' ],
17 silly audit   '@rollup/rollup-linux-x64-musl': [ '4.53.5' ],
17 silly audit   '@rollup/rollup-openharmony-arm64': [ '4.53.5' ],
17 silly audit   '@rollup/rollup-win32-arm64-msvc': [ '4.53.5' ],
17 silly audit   '@rollup/rollup-win32-ia32-msvc': [ '4.53.5' ],
17 silly audit   '@rollup/rollup-win32-x64-gnu': [ '4.53.5' ],
17 silly audit   '@rollup/rollup-win32-x64-msvc': [ '4.53.5' ],
17 silly audit   '@tailwindcss/node': [ '4.1.18' ],
17 silly audit   jiti: [ '2.6.1', '1.21.6' ],
17 silly audit   tailwindcss: [ '4.1.18', '3.4.17' ],
17 silly audit   '@tailwindcss/oxide': [ '4.1.18' ],
17 silly audit   '@tailwindcss/oxide-android-arm64': [ '4.1.18' ],
17 silly audit   '@tailwindcss/oxide-darwin-arm64': [ '4.1.18' ],
17 silly audit   '@tailwindcss/oxide-darwin-x64': [ '4.1.18' ],
17 silly audit   '@tailwindcss/oxide-freebsd-x64': [ '4.1.18' ],
17 silly audit   '@tailwindcss/oxide-linux-arm-gnueabihf': [ '4.1.18' ],
17 silly audit   '@tailwindcss/oxide-linux-arm64-gnu': [ '4.1.18' ],
17 silly audit   '@tailwindcss/oxide-linux-arm64-musl': [ '4.1.18' ],
17 silly audit   '@tailwindcss/oxide-linux-x64-gnu': [ '4.1.18' ],
17 silly audit   '@tailwindcss/oxide-linux-x64-musl': [ '4.1.18' ],
17 silly audit   '@tailwindcss/oxide-win32-arm64-msvc': [ '4.1.18' ],
17 silly audit   '@tailwindcss/oxide-win32-x64-msvc': [ '4.1.18' ],
17 silly audit   '@tailwindcss/typography': [ '0.5.15' ],
17 silly audit   'postcss-selector-parser': [ '6.0.10', '6.1.2' ],
17 silly audit   '@tailwindcss/vite': [ '4.1.18' ],
17 silly audit   '@tanstack/query-core': [ '5.60.5' ],
17 silly audit   '@tanstack/react-query': [ '5.60.5' ],
17 silly audit   '@tootallnate/once': [ '2.0.0' ],
17 silly audit   '@transloadit/prettier-bytes': [ '0.3.5' ],
17 silly audit   '@types/babel__core': [ '7.20.5' ],
17 silly audit   '@types/babel__generator': [ '7.6.8' ],
17 silly audit   '@types/babel__template': [ '7.4.4' ],
17 silly audit   '@types/babel__traverse': [ '7.20.6' ],
17 silly audit   '@types/body-parser': [ '1.19.5' ],
17 silly audit   '@types/caseless': [ '0.12.5' ],
17 silly audit   '@types/connect': [ '3.4.38' ],
17 silly audit   '@types/connect-pg-simple': [ '7.0.3' ],
17 silly audit   '@types/d3-array': [ '3.2.1' ],
17 silly audit   '@types/d3-color': [ '3.1.3' ],
17 silly audit   '@types/d3-ease': [ '3.0.2' ],
17 silly audit   '@types/d3-interpolate': [ '3.0.4' ],
17 silly audit   '@types/d3-path': [ '3.1.0' ],
17 silly audit   '@types/d3-scale': [ '4.0.8' ],
17 silly audit   '@types/d3-shape': [ '3.1.6' ],
17 silly audit   '@types/d3-time': [ '3.0.3' ],
17 silly audit   '@types/d3-timer': [ '3.0.2' ],
17 silly audit   '@types/estree': [ '1.0.8' ],
17 silly audit   '@types/express': [ '5.0.6' ],
17 silly audit   '@types/express-serve-static-core': [ '5.1.1' ],
17 silly audit   '@types/express-session': [ '1.18.0' ],
17 silly audit   '@types/http-errors': [ '2.0.5' ],
17 silly audit   '@types/multer': [ '2.0.0' ],
17 silly audit   '@types/node': [ '20.19.27' ],
17 silly audit   '@types/node-forge': [ '1.3.14' ],
17 silly audit   '@types/nodemailer': [ '7.0.11' ],
17 silly audit   '@types/oauth': [ '0.9.6' ],
17 silly audit   '@types/passport': [ '1.0.17' ],
17 silly audit   '@types/passport-google-oauth20': [ '2.0.17' ],
17 silly audit   '@types/passport-local': [ '1.0.38' ],
17 silly audit   '@types/passport-oauth2': [ '1.8.0' ],
17 silly audit   '@types/passport-strategy': [ '0.2.38' ],
17 silly audit   '@types/pg': [ '8.11.6' ],
17 silly audit   '@types/prop-types': [ '15.7.13' ],
17 silly audit   '@types/qs': [ '6.14.0' ],
17 silly audit   '@types/range-parser': [ '1.2.7' ],
17 silly audit   '@types/react': [ '18.3.12' ],
17 silly audit   '@types/react-dom': [ '18.3.1' ],
17 silly audit   '@types/request': [ '2.48.13' ],
17 silly audit   '@types/retry': [ '0.12.2' ],
17 silly audit   '@types/send': [ '1.2.1' ],
17 silly audit   '@types/serve-static': [ '2.2.0' ],
17 silly audit   '@types/tough-cookie': [ '4.0.5' ],
17 silly audit   '@types/unzipper': [ '0.10.11' ],
17 silly audit   '@types/use-sync-external-store': [ '0.0.6' ],
17 silly audit   '@types/uuid': [ '10.0.0' ],
17 silly audit   '@types/ws': [ '8.5.13' ],
17 silly audit   '@uppy/aws-s3': [ '5.1.0' ],
17 silly audit   '@uppy/companion-client': [ '5.1.1' ],
17 silly audit   '@uppy/components': [ '1.2.0' ],
17 silly audit   '@uppy/core': [ '5.2.0' ],
17 silly audit   nanoid: [ '5.1.6', '3.3.11' ],
17 silly audit   '@uppy/dashboard': [ '5.1.1' ],
17 silly audit   '@uppy/provider-views': [ '5.2.2' ],
17 silly audit   '@uppy/react': [ '5.2.0' ],
17 silly audit   '@uppy/store-default': [ '5.0.0' ],
17 silly audit   '@uppy/thumbnail-generator': [ '5.1.0' ],
17 silly audit   '@uppy/utils': [ '7.1.5' ],
17 silly audit   '@vitejs/plugin-react': [ '4.7.0' ],
17 silly audit   '@xmldom/is-dom-node': [ '1.0.1' ],
17 silly audit   '@xmldom/xmldom': [ '0.8.11' ],
17 silly audit   'abort-controller': [ '3.0.0' ],
17 silly audit   accepts: [ '2.0.0' ],
17 silly audit   'agent-base': [ '7.1.4', '6.0.2' ],
17 silly audit   'ansi-regex': [ '6.1.0', '5.0.1' ],
17 silly audit   'ansi-styles': [ '6.2.1', '4.3.0' ],
17 silly audit   'any-promise': [ '1.3.0' ],
17 silly audit   anymatch: [ '3.1.3' ],
17 silly audit   'append-field': [ '1.0.0' ],
17 silly audit   arg: [ '5.0.2' ],
17 silly audit   'aria-hidden': [ '1.2.4' ],
17 silly audit   arrify: [ '2.0.1' ],
17 silly audit   'async-retry': [ '1.3.3' ],
17 silly audit   asynckit: [ '0.4.0' ],
17 silly audit   autoprefixer: [ '10.4.20' ],
17 silly audit   'balanced-match': [ '1.0.2' ],
17 silly audit   'base64-js': [ '1.5.1' ],
17 silly audit   base64url: [ '3.0.1' ],
17 silly audit   'before-after-hook': [ '3.0.2' ],
17 silly audit   'bignumber.js': [ '9.3.1' ],
17 silly audit   'binary-extensions': [ '2.3.0' ],
17 silly audit   bluebird: [ '3.7.2' ],
17 silly audit   'body-parser': [ '2.2.2' ],
17 silly audit   debug: [ '4.4.3', '4.3.7', '2.6.9' ],
17 silly audit   'brace-expansion': [ '2.0.2' ],
17 silly audit   braces: [ '3.0.3' ],
17 silly audit   browserslist: [ '4.24.2' ],
17 silly audit   'buffer-equal-constant-time': [ '1.0.1' ],
17 silly audit   'buffer-from': [ '1.1.2' ],
17 silly audit   bufferutil: [ '4.1.0' ],
17 silly audit   busboy: [ '1.6.0' ],
17 silly audit   bytes: [ '3.1.2' ],
17 silly audit   'call-bind-apply-helpers': [ '1.0.2' ],
17 silly audit   'call-bound': [ '1.0.4' ],
17 silly audit   'camelcase-css': [ '2.0.1' ],
17 silly audit   'caniuse-lite': [ '1.0.30001753' ],
17 silly audit   chokidar: [ '3.6.0' ],
17 silly audit   'glob-parent': [ '5.1.2', '6.0.2' ],
17 silly audit   'class-variance-authority': [ '0.7.1' ],
17 silly audit   classnames: [ '2.5.1' ],
17 silly audit   clsx: [ '2.1.1' ],
17 silly audit   cmdk: [ '1.1.1' ],
17 silly audit   'color-convert': [ '2.0.1' ],
17 silly audit   'color-name': [ '1.1.4' ],
17 silly audit   'combined-stream': [ '1.0.8' ],
17 silly audit   commander: [ '4.1.1' ],
17 silly audit   'concat-stream': [ '2.0.0' ],
17 silly audit   'connect-pg-simple': [ '10.0.0' ],
17 silly audit   'content-disposition': [ '1.0.1' ],
17 silly audit   'content-type': [ '1.0.5' ],
17 silly audit   'convert-source-map': [ '2.0.0' ],
17 silly audit   cookie: [ '0.7.1', '0.7.2' ],
17 silly audit   'cookie-signature': [ '1.2.2', '1.0.7' ],
17 silly audit   'core-util-is': [ '1.0.3' ],
17 silly audit   'cross-spawn': [ '7.0.6' ],
17 silly audit   'css-box-model': [ '1.2.1' ],
17 silly audit   cssesc: [ '3.0.0' ],
17 silly audit   csstype: [ '3.1.3' ],
17 silly audit   'd3-array': [ '3.2.4' ],
17 silly audit   'd3-color': [ '3.1.0' ],
17 silly audit   'd3-ease': [ '3.0.1' ],
17 silly audit   'd3-format': [ '3.1.0' ],
17 silly audit   'd3-interpolate': [ '3.0.1' ],
17 silly audit   'd3-path': [ '3.1.0' ],
17 silly audit   'd3-scale': [ '4.0.2' ],
17 silly audit   'd3-shape': [ '3.2.0' ],
17 silly audit   'd3-time': [ '3.1.0' ],
17 silly audit   'd3-time-format': [ '4.1.0' ],
17 silly audit   'd3-timer': [ '3.0.1' ],
17 silly audit   'data-uri-to-buffer': [ '4.0.1' ],
17 silly audit   'date-fns': [ '3.6.0' ],
17 silly audit   'decimal.js-light': [ '2.5.1' ],
17 silly audit   'delayed-stream': [ '1.0.0' ],
17 silly audit   depd: [ '2.0.0' ],
17 silly audit   dequal: [ '2.0.3' ],
17 silly audit   'detect-libc': [ '2.0.3' ],
17 silly audit   'detect-node-es': [ '1.1.0' ],
17 silly audit   didyoumean: [ '1.2.2' ],
17 silly audit   dlv: [ '1.1.3' ],
17 silly audit   'dom-helpers': [ '5.2.1' ],
17 silly audit   dotenv: [ '17.3.1' ],
17 silly audit   'drizzle-kit': [ '0.31.8' ],
17 silly audit   tsx: [ '4.21.0', '4.20.5' ],
17 silly audit   esbuild: [ '0.27.2', '0.25.12' ],
17 silly audit   'drizzle-orm': [ '0.39.3' ],
17 silly audit   'drizzle-zod': [ '0.7.0' ],
17 silly audit   'dunder-proto': [ '1.0.1' ],
17 silly audit   duplexer2: [ '0.1.4' ],
17 silly audit   'readable-stream': [ '2.3.8', '3.6.2' ],
17 silly audit   'safe-buffer': [ '5.1.2', '5.2.1' ],
17 silly audit   string_decoder: [ '1.1.1', '1.3.0' ],
17 silly audit   duplexify: [ '4.1.3' ],
17 silly audit   eastasianwidth: [ '0.2.0' ],
17 silly audit   'ecdsa-sig-formatter': [ '1.0.11' ],
17 silly audit   'ee-first': [ '1.1.1' ],
17 silly audit   'electron-to-chromium': [ '1.5.51' ],
17 silly audit   'embla-carousel': [ '8.6.0' ],
17 silly audit   'embla-carousel-react': [ '8.6.0' ],
17 silly audit   'embla-carousel-reactive-utils': [ '8.6.0' ],
17 silly audit   'emoji-regex': [ '9.2.2', '8.0.0' ],
17 silly audit   encodeurl: [ '2.0.0' ],
17 silly audit   'end-of-stream': [ '1.4.5' ],
17 silly audit   'enhanced-resolve': [ '5.18.4' ],
17 silly audit   'es-define-property': [ '1.0.1' ],
17 silly audit   'es-errors': [ '1.3.0' ],
17 silly audit   'es-object-atoms': [ '1.1.1' ],
17 silly audit   'es-set-tostringtag': [ '2.1.0' ],
17 silly audit   'esbuild-register': [ '3.6.0' ],
17 silly audit   escalade: [ '3.2.0' ],
17 silly audit   'escape-html': [ '1.0.3' ],
17 silly audit   etag: [ '1.8.1' ],
17 silly audit   'event-target-shim': [ '5.0.1' ],
17 silly audit   eventemitter3: [ '4.0.7', '5.0.4' ],
17 silly audit   exifr: [ '7.1.3' ],
17 silly audit   express: [ '5.2.1' ],
17 silly audit   'express-session': [ '1.18.2' ],
17 silly audit   ms: [ '2.0.0', '2.1.3' ],
17 silly audit   extend: [ '3.0.2' ],
17 silly audit   'fast-content-type-parse': [ '2.0.1' ],
17 silly audit   'fast-equals': [ '5.2.2' ],
17 silly audit   'fast-glob': [ '3.3.2' ],
17 silly audit   'fast-xml-builder': [ '1.0.0' ],
17 silly audit   'fast-xml-parser': [ '5.4.2' ],
17 silly audit   fastq: [ '1.17.1' ],
17 silly audit   'fetch-blob': [ '3.2.0' ],
17 silly audit   'fill-range': [ '7.1.1' ],
17 silly audit   finalhandler: [ '2.1.1' ],
17 silly audit   'foreground-child': [ '3.3.0' ],
17 silly audit   'form-data': [ '2.5.5' ],
17 silly audit   'mime-db': [ '1.52.0', '1.54.0' ],
17 silly audit   'mime-types': [ '2.1.35', '3.0.2' ],
17 silly audit   'formdata-polyfill': [ '4.0.10' ],
17 silly audit   forwarded: [ '0.2.0' ],
17 silly audit   'fraction.js': [ '4.3.7' ],
17 silly audit   'framer-motion': [ '11.13.1' ],
17 silly audit   fresh: [ '2.0.0' ],
17 silly audit   'fs-extra': [ '11.3.4' ],
17 silly audit   fsevents: [ '2.3.3' ],
17 silly audit   'function-bind': [ '1.1.2' ],
17 silly audit   gaxios: [ '6.7.1', '7.1.4', '7.1.3' ],
17 silly audit   uuid: [ '9.0.1', '8.3.2' ],
17 silly audit   'node-fetch': [ '3.3.2', '2.7.0' ],
17 silly audit   gensync: [ '1.0.0-beta.2' ],
17 silly audit   'get-intrinsic': [ '1.3.0' ],
17 silly audit   'get-nonce': [ '1.0.1' ],
17 silly audit   'get-proto': [ '1.0.1' ],
17 silly audit   'get-tsconfig': [ '4.8.1' ],
17 silly audit   glob: [ '10.5.0' ],
17 silly audit   gopd: [ '1.2.0' ],
17 silly audit   'graceful-fs': [ '4.2.11' ],
17 silly audit   gtoken: [ '7.1.0' ],
17 silly audit   'has-symbols': [ '1.1.0' ],
17 silly audit   'has-tostringtag': [ '1.0.2' ],
17 silly audit   hasown: [ '2.0.2' ],
17 silly audit   'html-entities': [ '2.6.0' ],
17 silly audit   'http-errors': [ '2.0.1' ],
17 silly audit   'http-proxy-agent': [ '5.0.0' ],
17 silly audit   'https-proxy-agent': [ '7.0.6', '5.0.1' ],
17 silly audit   'iconv-lite': [ '0.7.2' ],
17 silly audit   inherits: [ '2.0.4' ],
17 silly audit   'input-otp': [ '1.4.2' ],
17 silly audit   internmap: [ '2.0.3' ],
17 silly audit   'ipaddr.js': [ '1.9.1' ],
17 silly audit   'is-binary-path': [ '2.1.0' ],
17 silly audit   'is-core-module': [ '2.15.1' ],
17 silly audit   'is-extglob': [ '2.1.1' ],
17 silly audit   'is-fullwidth-code-point': [ '3.0.0' ],
17 silly audit   'is-glob': [ '4.0.3' ],
17 silly audit   'is-network-error': [ '1.3.1' ],
17 silly audit   'is-number': [ '7.0.0' ],
17 silly audit   'is-promise': [ '4.0.0' ],
17 silly audit   'is-stream': [ '2.0.1' ],
17 silly audit   isarray: [ '1.0.0' ],
17 silly audit   isexe: [ '2.0.0' ],
17 silly audit   jackspeak: [ '3.4.3' ],
17 silly audit   'js-tokens': [ '4.0.0' ],
17 silly audit   jsesc: [ '3.0.2' ],
17 silly audit   'json-bigint': [ '1.0.0' ],
17 silly audit   json5: [ '2.2.3' ],
17 silly audit   jsonfile: [ '6.2.0' ],
17 silly audit   jwa: [ '2.0.1' ],
17 silly audit   jws: [ '4.0.1' ],
17 silly audit   lightningcss: [ '1.30.2' ],
17 silly audit   'lightningcss-android-arm64': [ '1.30.2' ],
17 silly audit   'lightningcss-darwin-arm64': [ '1.30.2' ],
17 silly audit   'lightningcss-darwin-x64': [ '1.30.2' ],
17 silly audit   'lightningcss-freebsd-x64': [ '1.30.2' ],
17 silly audit   'lightningcss-linux-arm-gnueabihf': [ '1.30.2' ],
17 silly audit   'lightningcss-linux-arm64-gnu': [ '1.30.2' ],
17 silly audit   'lightningcss-linux-arm64-musl': [ '1.30.2' ],
17 silly audit   'lightningcss-linux-x64-gnu': [ '1.30.2' ],
17 silly audit   'lightningcss-linux-x64-musl': [ '1.30.2' ],
17 silly audit   'lightningcss-win32-arm64-msvc': [ '1.30.2' ],
17 silly audit   'lightningcss-win32-x64-msvc': [ '1.30.2' ],
17 silly audit   lilconfig: [ '3.1.3' ],
17 silly audit   'lines-and-columns': [ '1.2.4' ],
17 silly audit   lodash: [ '4.17.23' ],
17 silly audit   'lodash.castarray': [ '4.4.0' ],
17 silly audit   'lodash.isplainobject': [ '4.0.6' ],
17 silly audit   'lodash.merge': [ '4.6.2' ],
17 silly audit   'loose-envify': [ '1.4.0' ],
17 silly audit   'lru-cache': [ '5.1.1', '4.1.5', '10.4.3' ],
17 silly audit   'lucide-react': [ '0.453.0' ],
17 silly audit   'magic-string': [ '0.30.21' ],
17 silly audit   'math-intrinsics': [ '1.1.0' ],
17 silly audit   'media-typer': [ '1.1.0', '0.3.0' ],
17 silly audit   memorystore: [ '1.6.7' ],
17 silly audit   yallist: [ '2.1.2', '3.1.1' ],
17 silly audit   'merge-descriptors': [ '2.0.0' ],
17 silly audit   merge2: [ '1.4.1' ],
17 silly audit   micromatch: [ '4.0.8' ],
17 silly audit   mime: [ '3.0.0' ],
17 silly audit   'mime-match': [ '1.0.2' ],
17 silly audit   minimatch: [ '9.0.5' ],
17 silly audit   minipass: [ '7.1.2' ],
17 silly audit   mitt: [ '3.0.1' ],
17 silly audit   'modern-screenshot': [ '4.6.0' ],
17 silly audit   'motion-dom': [ '11.13.0' ],
17 silly audit   'motion-utils': [ '11.13.0' ],
17 silly audit   multer: [ '2.1.1' ],
17 silly audit   'type-is': [ '1.6.18', '2.0.1' ],
17 silly audit   mz: [ '2.7.0' ],
17 silly audit   'namespace-emitter': [ '2.0.1' ],
17 silly audit   negotiator: [ '1.0.0' ],
17 silly audit   'next-themes': [ '0.4.6' ],
17 silly audit   'node-domexception': [ '1.0.0' ],
17 silly audit   'node-forge': [ '1.3.3' ],
17 silly audit   'node-gyp-build': [ '4.8.3' ],
17 silly audit   'node-int64': [ '0.4.0' ],
17 silly audit   'node-releases': [ '2.0.18' ],
17 silly audit   nodemailer: [ '8.0.1' ],
17 silly audit   'normalize-path': [ '3.0.0' ],
17 silly audit   'normalize-range': [ '0.1.2' ],
17 silly audit   oauth: [ '0.10.2' ],
17 silly audit   'object-assign': [ '4.1.1' ],
17 silly audit   'object-hash': [ '3.0.0' ],
17 silly audit   'object-inspect': [ '1.13.4' ],
17 silly audit   obuf: [ '1.1.2' ],
17 silly audit   'on-finished': [ '2.4.1' ],
17 silly audit   'on-headers': [ '1.1.0' ],
17 silly audit   once: [ '1.4.0' ],
17 silly audit   'p-limit': [ '3.1.0' ],
17 silly audit   'p-queue': [ '8.1.1' ],
17 silly audit   'p-retry': [ '6.2.1' ],
17 silly audit   'p-timeout': [ '6.1.4' ],
17 silly audit   'package-json-from-dist': [ '1.0.1' ],
17 silly audit   parseurl: [ '1.3.3' ],
17 silly audit   passport: [ '0.7.0' ],
17 silly audit   'passport-google-oauth20': [ '2.0.0' ],
17 silly audit   'passport-local': [ '1.0.0' ],
17 silly audit   'passport-oauth2': [ '1.8.0' ],
17 silly audit   'passport-strategy': [ '1.0.0' ],
17 silly audit   'path-key': [ '3.1.1' ],
17 silly audit   'path-parse': [ '1.0.7' ],
17 silly audit   'path-scurry': [ '1.11.1' ],
17 silly audit   'path-to-regexp': [ '8.3.0' ],
17 silly audit   pause: [ '0.0.1' ],
17 silly audit   pg: [ '8.16.3' ],
17 silly audit   'pg-cloudflare': [ '1.2.7' ],
17 silly audit   'pg-connection-string': [ '2.9.1' ],
17 silly audit   'pg-int8': [ '1.0.1' ],
17 silly audit   'pg-numeric': [ '1.0.2' ],
17 silly audit   'pg-pool': [ '3.10.1' ],
17 silly audit   'pg-protocol': [ '1.10.3' ],
17 silly audit   'pg-types': [ '4.0.2', '2.2.0' ],
17 silly audit   'postgres-array': [ '2.0.0', '3.0.2' ],
17 silly audit   'postgres-bytea': [ '1.0.0', '3.0.0' ],
17 silly audit   'postgres-date': [ '1.0.7', '2.1.0' ],
17 silly audit   'postgres-interval': [ '1.2.0', '3.0.0' ],
17 silly audit   pgpass: [ '1.0.5' ],
17 silly audit   picocolors: [ '1.1.1' ],
17 silly audit   picomatch: [ '2.3.1', '4.0.3' ],
17 silly audit   pify: [ '2.3.0' ],
17 silly audit   pirates: [ '4.0.6' ],
17 silly audit   postcss: [ '8.5.6' ],
17 silly audit   'postcss-import': [ '15.1.0' ],
17 silly audit   'postcss-js': [ '4.0.1' ],
17 silly audit   'postcss-load-config': [ '4.0.2' ],
17 silly audit   'postcss-nested': [ '6.2.0' ],
17 silly audit   'postcss-value-parser': [ '4.2.0' ],
17 silly audit   'postgres-range': [ '1.1.4' ],
17 silly audit   preact: [ '10.28.4' ],
17 silly audit   'pretty-bytes': [ '6.1.1' ],
17 silly audit   'process-nextick-args': [ '2.0.1' ],
17 silly audit   'prop-types': [ '15.8.1' ],
17 silly audit   'react-is': [ '16.13.1', '18.3.1' ],
17 silly audit   'proxy-addr': [ '2.0.7' ],
17 silly audit   pseudomap: [ '1.0.2' ],
17 silly audit   qs: [ '6.14.1' ],
17 silly audit   'queue-microtask': [ '1.2.3' ],
17 silly audit   'raf-schd': [ '4.0.3' ],
17 silly audit   'random-bytes': [ '1.0.0' ],
17 silly audit   'range-parser': [ '1.2.1' ],
17 silly audit   'raw-body': [ '3.0.2' ],
17 silly audit   react: [ '18.3.1' ],
17 silly audit   'react-day-picker': [ '8.10.1' ],
17 silly audit   'react-dom': [ '18.3.1' ],
17 silly audit   'react-hook-form': [ '7.55.0' ],
17 silly audit   'react-icons': [ '5.4.0' ],
17 silly audit   'react-redux': [ '9.2.0' ],
17 silly audit   'react-refresh': [ '0.17.0' ],
17 silly audit   'react-remove-scroll': [ '2.6.3' ],
17 silly audit   'react-remove-scroll-bar': [ '2.3.8' ],
17 silly audit   'react-resizable-panels': [ '2.1.7' ],
17 silly audit   'react-smooth': [ '4.0.4' ],
17 silly audit   'react-style-singleton': [ '2.2.3' ],
17 silly audit   'react-transition-group': [ '4.4.5' ],
17 silly audit   'read-cache': [ '1.0.0' ],
17 silly audit   readdirp: [ '3.6.0' ],
17 silly audit   recharts: [ '2.15.2' ],
17 silly audit   'recharts-scale': [ '0.4.5' ],
17 silly audit   redux: [ '5.0.1' ],
17 silly audit   'regenerator-runtime': [ '0.14.1' ],
17 silly audit   regexparam: [ '3.0.0' ],
17 silly audit   resolve: [ '1.22.8' ],
17 silly audit   'resolve-pkg-maps': [ '1.0.0' ],
17 silly audit   retry: [ '0.13.1' ],
17 silly audit   'retry-request': [ '7.0.2' ],
17 silly audit   reusify: [ '1.0.4' ],
17 silly audit   rimraf: [ '5.0.10' ],
17 silly audit   rollup: [ '4.53.5' ],
17 silly audit   router: [ '2.2.0' ],
17 silly audit   'run-parallel': [ '1.2.0' ],
17 silly audit   'safer-buffer': [ '2.1.2' ],
17 silly audit   scheduler: [ '0.23.2' ],
17 silly audit   semver: [ '6.3.1' ],
17 silly audit   send: [ '1.2.1' ],
17 silly audit   'serve-static': [ '2.2.1' ],
17 silly audit   setprototypeof: [ '1.2.0' ],
17 silly audit   'shallow-equal': [ '3.1.0' ],
17 silly audit   'shebang-command': [ '2.0.0' ],
17 silly audit   'shebang-regex': [ '3.0.0' ],
17 silly audit   'side-channel': [ '1.1.0' ],
17 silly audit   'side-channel-list': [ '1.0.0' ],
17 silly audit   'side-channel-map': [ '1.0.1' ],
17 silly audit   'side-channel-weakmap': [ '1.0.2' ],
17 silly audit   'signal-exit': [ '4.1.0' ],
17 silly audit   'source-map-js': [ '1.2.1' ],
17 silly audit   split2: [ '4.2.0' ],
17 silly audit   statuses: [ '2.0.2' ],
17 silly audit   'stream-events': [ '1.0.5' ],
17 silly audit   'stream-shift': [ '1.0.3' ],
17 silly audit   streamsearch: [ '1.1.0' ],
17 silly audit   'string-width': [ '5.1.2', '4.2.3' ],
17 silly audit   'strip-ansi': [ '6.0.1', '7.1.0' ],
17 silly audit   strnum: [ '2.2.0' ],
17 silly audit   stubs: [ '3.0.0' ],
17 silly audit   sucrase: [ '3.35.0' ],
17 silly audit   'supports-preserve-symlinks-flag': [ '1.0.0' ],
17 silly audit   'tailwind-merge': [ '2.6.0' ],
17 silly audit   'tailwindcss-animate': [ '1.0.7' ],
17 silly audit   tapable: [ '2.3.0' ],
17 silly audit   'teeny-request': [ '9.0.0' ],
17 silly audit   thenify: [ '3.3.1' ],
17 silly audit   'thenify-all': [ '1.6.0' ],
17 silly audit   'tiny-invariant': [ '1.3.3' ],
17 silly audit   tinyglobby: [ '0.2.15' ],
17 silly audit   fdir: [ '6.5.0' ],
17 silly audit   'to-regex-range': [ '5.0.1' ],
17 silly audit   toidentifier: [ '1.0.1' ],
17 silly audit   tr46: [ '0.0.3' ],
17 silly audit   'ts-interface-checker': [ '0.1.13' ],
17 silly audit   tslib: [ '2.8.1' ],
17 silly audit   'tw-animate-css': [ '1.2.5' ],
17 silly audit   typedarray: [ '0.0.6' ],
17 silly audit   typescript: [ '5.6.3' ],
17 silly audit   'uid-safe': [ '2.1.5' ],
17 silly audit   uid2: [ '0.0.4' ],
17 silly audit   'undici-types': [ '6.21.0' ],
17 silly audit   'universal-user-agent': [ '7.0.3' ],
17 silly audit   universalify: [ '2.0.1' ],
17 silly audit   unpipe: [ '1.0.0' ],
17 silly audit   unzipper: [ '0.12.3' ],
17 silly audit   'update-browserslist-db': [ '1.1.1' ],
17 silly audit   'use-callback-ref': [ '1.3.3' ],
17 silly audit   'use-sidecar': [ '1.1.3' ],
17 silly audit   'use-sync-external-store': [ '1.6.0' ],
17 silly audit   'util-deprecate': [ '1.0.2' ],
17 silly audit   'utils-merge': [ '1.0.1' ],
17 silly audit   vary: [ '1.1.2' ],
17 silly audit   vaul: [ '1.1.2' ],
17 silly audit   'victory-vendor': [ '36.9.2' ],
17 silly audit   vite: [ '7.3.0' ],
17 silly audit   'web-streams-polyfill': [ '3.3.3' ],
17 silly audit   'webidl-conversions': [ '3.0.1' ],
17 silly audit   'whatwg-url': [ '5.0.0' ],
17 silly audit   which: [ '2.0.2' ],
17 silly audit   wildcard: [ '1.1.2' ],
17 silly audit   wouter: [ '3.3.5' ],
17 silly audit   'wrap-ansi': [ '8.1.0', '7.0.0' ],
17 silly audit   wrappy: [ '1.0.2' ],
17 silly audit   ws: [ '8.18.0' ],
17 silly audit   'xml-crypto': [ '6.1.2' ],
17 silly audit   xpath: [ '0.0.33' ],
17 silly audit   xtend: [ '4.0.2' ],
17 silly audit   yaml: [ '2.6.0' ],
17 silly audit   'yocto-queue': [ '0.1.0' ],
17 silly audit   zod: [ '3.24.2' ],
17 silly audit   'zod-validation-error': [ '3.4.0' ],
17 silly audit   '@tailwindcss/oxide-wasm32-wasi': [ '4.1.18' ]
17 silly audit }
18 verbose reify failed optional dependency /root/node_modules/vite/node_modules/@esbuild/win32-x64
19 silly reify mark deleted [ '/root/node_modules/vite/node_modules/@esbuild/win32-x64' ]
20 verbose reify failed optional dependency /root/node_modules/vite/node_modules/@esbuild/win32-ia32
21 silly reify mark deleted [ '/root/node_modules/vite/node_modules/@esbuild/win32-ia32' ]
22 verbose reify failed optional dependency /root/node_modules/vite/node_modules/@esbuild/win32-arm64
23 silly reify mark deleted [ '/root/node_modules/vite/node_modules/@esbuild/win32-arm64' ]
24 verbose reify failed optional dependency /root/node_modules/vite/node_modules/@esbuild/sunos-x64
25 silly reify mark deleted [ '/root/node_modules/vite/node_modules/@esbuild/sunos-x64' ]
26 verbose reify failed optional dependency /root/node_modules/vite/node_modules/@esbuild/openharmony-arm64
27 silly reify mark deleted [ '/root/node_modules/vite/node_modules/@esbuild/openharmony-arm64' ]
28 verbose reify failed optional dependency /root/node_modules/vite/node_modules/@esbuild/openbsd-x64
29 silly reify mark deleted [ '/root/node_modules/vite/node_modules/@esbuild/openbsd-x64' ]
30 verbose reify failed optional dependency /root/node_modules/vite/node_modules/@esbuild/openbsd-arm64
31 silly reify mark deleted [ '/root/node_modules/vite/node_modules/@esbuild/openbsd-arm64' ]
32 verbose reify failed optional dependency /root/node_modules/vite/node_modules/@esbuild/netbsd-x64
33 silly reify mark deleted [ '/root/node_modules/vite/node_modules/@esbuild/netbsd-x64' ]
34 verbose reify failed optional dependency /root/node_modules/vite/node_modules/@esbuild/netbsd-arm64
35 silly reify mark deleted [ '/root/node_modules/vite/node_modules/@esbuild/netbsd-arm64' ]
36 verbose reify failed optional dependency /root/node_modules/vite/node_modules/@esbuild/linux-s390x
37 silly reify mark deleted [ '/root/node_modules/vite/node_modules/@esbuild/linux-s390x' ]
38 verbose reify failed optional dependency /root/node_modules/vite/node_modules/@esbuild/linux-riscv64
39 silly reify mark deleted [ '/root/node_modules/vite/node_modules/@esbuild/linux-riscv64' ]
40 verbose reify failed optional dependency /root/node_modules/vite/node_modules/@esbuild/linux-ppc64
41 silly reify mark deleted [ '/root/node_modules/vite/node_modules/@esbuild/linux-ppc64' ]
42 verbose reify failed optional dependency /root/node_modules/vite/node_modules/@esbuild/linux-mips64el
43 silly reify mark deleted [ '/root/node_modules/vite/node_modules/@esbuild/linux-mips64el' ]
44 verbose reify failed optional dependency /root/node_modules/vite/node_modules/@esbuild/linux-loong64
45 silly reify mark deleted [ '/root/node_modules/vite/node_modules/@esbuild/linux-loong64' ]
46 verbose reify failed optional dependency /root/node_modules/vite/node_modules/@esbuild/linux-ia32
47 silly reify mark deleted [ '/root/node_modules/vite/node_modules/@esbuild/linux-ia32' ]
48 verbose reify failed optional dependency /root/node_modules/vite/node_modules/@esbuild/linux-arm64
49 silly reify mark deleted [ '/root/node_modules/vite/node_modules/@esbuild/linux-arm64' ]
50 verbose reify failed optional dependency /root/node_modules/vite/node_modules/@esbuild/linux-arm
51 silly reify mark deleted [ '/root/node_modules/vite/node_modules/@esbuild/linux-arm' ]
52 verbose reify failed optional dependency /root/node_modules/vite/node_modules/@esbuild/freebsd-x64
53 silly reify mark deleted [ '/root/node_modules/vite/node_modules/@esbuild/freebsd-x64' ]
54 verbose reify failed optional dependency /root/node_modules/vite/node_modules/@esbuild/freebsd-arm64
55 silly reify mark deleted [ '/root/node_modules/vite/node_modules/@esbuild/freebsd-arm64' ]
56 verbose reify failed optional dependency /root/node_modules/vite/node_modules/@esbuild/darwin-x64
57 silly reify mark deleted [ '/root/node_modules/vite/node_modules/@esbuild/darwin-x64' ]
58 verbose reify failed optional dependency /root/node_modules/vite/node_modules/@esbuild/darwin-arm64
59 silly reify mark deleted [ '/root/node_modules/vite/node_modules/@esbuild/darwin-arm64' ]
60 verbose reify failed optional dependency /root/node_modules/vite/node_modules/@esbuild/android-x64
61 silly reify mark deleted [ '/root/node_modules/vite/node_modules/@esbuild/android-x64' ]
62 verbose reify failed optional dependency /root/node_modules/vite/node_modules/@esbuild/android-arm64
63 silly reify mark deleted [ '/root/node_modules/vite/node_modules/@esbuild/android-arm64' ]
64 verbose reify failed optional dependency /root/node_modules/vite/node_modules/@esbuild/android-arm
65 silly reify mark deleted [ '/root/node_modules/vite/node_modules/@esbuild/android-arm' ]
66 verbose reify failed optional dependency /root/node_modules/vite/node_modules/@esbuild/aix-ppc64
67 silly reify mark deleted [ '/root/node_modules/vite/node_modules/@esbuild/aix-ppc64' ]
68 verbose reify failed optional dependency /root/node_modules/lightningcss-win32-x64-msvc
69 silly reify mark deleted [ '/root/node_modules/lightningcss-win32-x64-msvc' ]
70 verbose reify failed optional dependency /root/node_modules/lightningcss-win32-arm64-msvc
71 silly reify mark deleted [ '/root/node_modules/lightningcss-win32-arm64-msvc' ]
72 verbose reify failed optional dependency /root/node_modules/lightningcss-linux-arm64-musl
73 silly reify mark deleted [ '/root/node_modules/lightningcss-linux-arm64-musl' ]
74 verbose reify failed optional dependency /root/node_modules/lightningcss-linux-arm64-gnu
75 silly reify mark deleted [ '/root/node_modules/lightningcss-linux-arm64-gnu' ]
76 verbose reify failed optional dependency /root/node_modules/lightningcss-linux-arm-gnueabihf
77 silly reify mark deleted [ '/root/node_modules/lightningcss-linux-arm-gnueabihf' ]
78 verbose reify failed optional dependency /root/node_modules/lightningcss-freebsd-x64
79 silly reify mark deleted [ '/root/node_modules/lightningcss-freebsd-x64' ]
80 verbose reify failed optional dependency /root/node_modules/lightningcss-darwin-x64
81 silly reify mark deleted [ '/root/node_modules/lightningcss-darwin-x64' ]
82 verbose reify failed optional dependency /root/node_modules/lightningcss-darwin-arm64
83 silly reify mark deleted [ '/root/node_modules/lightningcss-darwin-arm64' ]
84 verbose reify failed optional dependency /root/node_modules/lightningcss-android-arm64
85 silly reify mark deleted [ '/root/node_modules/lightningcss-android-arm64' ]
86 verbose reify failed optional dependency /root/node_modules/fsevents
87 silly reify mark deleted [ '/root/node_modules/fsevents' ]
88 verbose reify failed optional dependency /root/node_modules/drizzle-kit/node_modules/@esbuild/win32-x64
89 silly reify mark deleted [ '/root/node_modules/drizzle-kit/node_modules/@esbuild/win32-x64' ]
90 verbose reify failed optional dependency /root/node_modules/drizzle-kit/node_modules/@esbuild/win32-ia32
91 silly reify mark deleted [ '/root/node_modules/drizzle-kit/node_modules/@esbuild/win32-ia32' ]
92 verbose reify failed optional dependency /root/node_modules/drizzle-kit/node_modules/@esbuild/win32-arm64
93 silly reify mark deleted [ '/root/node_modules/drizzle-kit/node_modules/@esbuild/win32-arm64' ]
94 verbose reify failed optional dependency /root/node_modules/drizzle-kit/node_modules/@esbuild/sunos-x64
95 silly reify mark deleted [ '/root/node_modules/drizzle-kit/node_modules/@esbuild/sunos-x64' ]
96 verbose reify failed optional dependency /root/node_modules/drizzle-kit/node_modules/@esbuild/openharmony-arm64
97 silly reify mark deleted [
97 silly reify   '/root/node_modules/drizzle-kit/node_modules/@esbuild/openharmony-arm64'
97 silly reify ]
98 verbose reify failed optional dependency /root/node_modules/drizzle-kit/node_modules/@esbuild/openbsd-x64
99 silly reify mark deleted [ '/root/node_modules/drizzle-kit/node_modules/@esbuild/openbsd-x64' ]
100 verbose reify failed optional dependency /root/node_modules/drizzle-kit/node_modules/@esbuild/openbsd-arm64
101 silly reify mark deleted [
101 silly reify   '/root/node_modules/drizzle-kit/node_modules/@esbuild/openbsd-arm64'
101 silly reify ]
102 verbose reify failed optional dependency /root/node_modules/drizzle-kit/node_modules/@esbuild/netbsd-x64
103 silly reify mark deleted [ '/root/node_modules/drizzle-kit/node_modules/@esbuild/netbsd-x64' ]
104 verbose reify failed optional dependency /root/node_modules/drizzle-kit/node_modules/@esbuild/netbsd-arm64
105 silly reify mark deleted [ '/root/node_modules/drizzle-kit/node_modules/@esbuild/netbsd-arm64' ]
106 verbose reify failed optional dependency /root/node_modules/drizzle-kit/node_modules/@esbuild/linux-s390x
107 silly reify mark deleted [ '/root/node_modules/drizzle-kit/node_modules/@esbuild/linux-s390x' ]
108 verbose reify failed optional dependency /root/node_modules/drizzle-kit/node_modules/@esbuild/linux-riscv64
109 silly reify mark deleted [
109 silly reify   '/root/node_modules/drizzle-kit/node_modules/@esbuild/linux-riscv64'
109 silly reify ]
110 verbose reify failed optional dependency /root/node_modules/drizzle-kit/node_modules/@esbuild/linux-ppc64
111 silly reify mark deleted [ '/root/node_modules/drizzle-kit/node_modules/@esbuild/linux-ppc64' ]
112 verbose reify failed optional dependency /root/node_modules/drizzle-kit/node_modules/@esbuild/linux-mips64el
113 silly reify mark deleted [
113 silly reify   '/root/node_modules/drizzle-kit/node_modules/@esbuild/linux-mips64el'
113 silly reify ]
114 verbose reify failed optional dependency /root/node_modules/drizzle-kit/node_modules/@esbuild/linux-loong64
115 silly reify mark deleted [
115 silly reify   '/root/node_modules/drizzle-kit/node_modules/@esbuild/linux-loong64'
115 silly reify ]
116 verbose reify failed optional dependency /root/node_modules/drizzle-kit/node_modules/@esbuild/linux-ia32
117 silly reify mark deleted [ '/root/node_modules/drizzle-kit/node_modules/@esbuild/linux-ia32' ]
118 verbose reify failed optional dependency /root/node_modules/drizzle-kit/node_modules/@esbuild/linux-arm64
119 silly reify mark deleted [ '/root/node_modules/drizzle-kit/node_modules/@esbuild/linux-arm64' ]
120 verbose reify failed optional dependency /root/node_modules/drizzle-kit/node_modules/@esbuild/linux-arm
121 silly reify mark deleted [ '/root/node_modules/drizzle-kit/node_modules/@esbuild/linux-arm' ]
122 verbose reify failed optional dependency /root/node_modules/drizzle-kit/node_modules/@esbuild/freebsd-x64
123 silly reify mark deleted [ '/root/node_modules/drizzle-kit/node_modules/@esbuild/freebsd-x64' ]
124 verbose reify failed optional dependency /root/node_modules/drizzle-kit/node_modules/@esbuild/freebsd-arm64
125 silly reify mark deleted [
125 silly reify   '/root/node_modules/drizzle-kit/node_modules/@esbuild/freebsd-arm64'
125 silly reify ]
126 verbose reify failed optional dependency /root/node_modules/drizzle-kit/node_modules/@esbuild/darwin-x64
127 silly reify mark deleted [ '/root/node_modules/drizzle-kit/node_modules/@esbuild/darwin-x64' ]
128 verbose reify failed optional dependency /root/node_modules/drizzle-kit/node_modules/@esbuild/darwin-arm64
129 silly reify mark deleted [ '/root/node_modules/drizzle-kit/node_modules/@esbuild/darwin-arm64' ]
130 verbose reify failed optional dependency /root/node_modules/drizzle-kit/node_modules/@esbuild/android-x64
131 silly reify mark deleted [ '/root/node_modules/drizzle-kit/node_modules/@esbuild/android-x64' ]
132 verbose reify failed optional dependency /root/node_modules/drizzle-kit/node_modules/@esbuild/android-arm64
133 silly reify mark deleted [
133 silly reify   '/root/node_modules/drizzle-kit/node_modules/@esbuild/android-arm64'
133 silly reify ]
134 verbose reify failed optional dependency /root/node_modules/drizzle-kit/node_modules/@esbuild/android-arm
135 silly reify mark deleted [ '/root/node_modules/drizzle-kit/node_modules/@esbuild/android-arm' ]
136 verbose reify failed optional dependency /root/node_modules/drizzle-kit/node_modules/@esbuild/aix-ppc64
137 silly reify mark deleted [ '/root/node_modules/drizzle-kit/node_modules/@esbuild/aix-ppc64' ]
138 verbose reify failed optional dependency /root/node_modules/@tailwindcss/oxide-win32-x64-msvc
139 silly reify mark deleted [ '/root/node_modules/@tailwindcss/oxide-win32-x64-msvc' ]
140 verbose reify failed optional dependency /root/node_modules/@tailwindcss/oxide-win32-arm64-msvc
141 silly reify mark deleted [ '/root/node_modules/@tailwindcss/oxide-win32-arm64-msvc' ]
142 verbose reify failed optional dependency /root/node_modules/@tailwindcss/oxide-linux-arm64-musl
143 silly reify mark deleted [ '/root/node_modules/@tailwindcss/oxide-linux-arm64-musl' ]
144 verbose reify failed optional dependency /root/node_modules/@tailwindcss/oxide-linux-arm64-gnu
145 silly reify mark deleted [ '/root/node_modules/@tailwindcss/oxide-linux-arm64-gnu' ]
146 verbose reify failed optional dependency /root/node_modules/@tailwindcss/oxide-linux-arm-gnueabihf
147 silly reify mark deleted [ '/root/node_modules/@tailwindcss/oxide-linux-arm-gnueabihf' ]
148 verbose reify failed optional dependency /root/node_modules/@tailwindcss/oxide-freebsd-x64
149 silly reify mark deleted [ '/root/node_modules/@tailwindcss/oxide-freebsd-x64' ]
150 verbose reify failed optional dependency /root/node_modules/@tailwindcss/oxide-darwin-x64
151 silly reify mark deleted [ '/root/node_modules/@tailwindcss/oxide-darwin-x64' ]
152 verbose reify failed optional dependency /root/node_modules/@tailwindcss/oxide-darwin-arm64
153 silly reify mark deleted [ '/root/node_modules/@tailwindcss/oxide-darwin-arm64' ]
154 verbose reify failed optional dependency /root/node_modules/@tailwindcss/oxide-android-arm64
155 silly reify mark deleted [ '/root/node_modules/@tailwindcss/oxide-android-arm64' ]
156 verbose reify failed optional dependency /root/node_modules/@rollup/rollup-win32-x64-msvc
157 silly reify mark deleted [ '/root/node_modules/@rollup/rollup-win32-x64-msvc' ]
158 verbose reify failed optional dependency /root/node_modules/@rollup/rollup-win32-x64-gnu
159 silly reify mark deleted [ '/root/node_modules/@rollup/rollup-win32-x64-gnu' ]
160 verbose reify failed optional dependency /root/node_modules/@rollup/rollup-win32-ia32-msvc
161 silly reify mark deleted [ '/root/node_modules/@rollup/rollup-win32-ia32-msvc' ]
162 verbose reify failed optional dependency /root/node_modules/@rollup/rollup-win32-arm64-msvc
163 silly reify mark deleted [ '/root/node_modules/@rollup/rollup-win32-arm64-msvc' ]
164 verbose reify failed optional dependency /root/node_modules/@rollup/rollup-openharmony-arm64
165 silly reify mark deleted [ '/root/node_modules/@rollup/rollup-openharmony-arm64' ]
166 verbose reify failed optional dependency /root/node_modules/@rollup/rollup-linux-s390x-gnu
167 silly reify mark deleted [ '/root/node_modules/@rollup/rollup-linux-s390x-gnu' ]
168 verbose reify failed optional dependency /root/node_modules/@rollup/rollup-linux-riscv64-musl
169 silly reify mark deleted [ '/root/node_modules/@rollup/rollup-linux-riscv64-musl' ]
170 verbose reify failed optional dependency /root/node_modules/@rollup/rollup-linux-riscv64-gnu
171 silly reify mark deleted [ '/root/node_modules/@rollup/rollup-linux-riscv64-gnu' ]
172 verbose reify failed optional dependency /root/node_modules/@rollup/rollup-linux-ppc64-gnu
173 silly reify mark deleted [ '/root/node_modules/@rollup/rollup-linux-ppc64-gnu' ]
174 verbose reify failed optional dependency /root/node_modules/@rollup/rollup-linux-loong64-gnu
175 silly reify mark deleted [ '/root/node_modules/@rollup/rollup-linux-loong64-gnu' ]
176 verbose reify failed optional dependency /root/node_modules/@rollup/rollup-linux-arm64-musl
177 silly reify mark deleted [ '/root/node_modules/@rollup/rollup-linux-arm64-musl' ]
178 verbose reify failed optional dependency /root/node_modules/@rollup/rollup-linux-arm64-gnu
179 silly reify mark deleted [ '/root/node_modules/@rollup/rollup-linux-arm64-gnu' ]
180 verbose reify failed optional dependency /root/node_modules/@rollup/rollup-linux-arm-musleabihf
181 silly reify mark deleted [ '/root/node_modules/@rollup/rollup-linux-arm-musleabihf' ]
182 verbose reify failed optional dependency /root/node_modules/@rollup/rollup-linux-arm-gnueabihf
183 silly reify mark deleted [ '/root/node_modules/@rollup/rollup-linux-arm-gnueabihf' ]
184 verbose reify failed optional dependency /root/node_modules/@rollup/rollup-freebsd-x64
185 silly reify mark deleted [ '/root/node_modules/@rollup/rollup-freebsd-x64' ]
186 verbose reify failed optional dependency /root/node_modules/@rollup/rollup-freebsd-arm64
187 silly reify mark deleted [ '/root/node_modules/@rollup/rollup-freebsd-arm64' ]
188 verbose reify failed optional dependency /root/node_modules/@rollup/rollup-darwin-x64
189 silly reify mark deleted [ '/root/node_modules/@rollup/rollup-darwin-x64' ]
190 verbose reify failed optional dependency /root/node_modules/@rollup/rollup-darwin-arm64
191 silly reify mark deleted [ '/root/node_modules/@rollup/rollup-darwin-arm64' ]
192 verbose reify failed optional dependency /root/node_modules/@rollup/rollup-android-arm64
193 silly reify mark deleted [ '/root/node_modules/@rollup/rollup-android-arm64' ]
194 verbose reify failed optional dependency /root/node_modules/@rollup/rollup-android-arm-eabi
195 silly reify mark deleted [ '/root/node_modules/@rollup/rollup-android-arm-eabi' ]
196 verbose reify failed optional dependency /root/node_modules/@esbuild/win32-x64
197 silly reify mark deleted [ '/root/node_modules/@esbuild/win32-x64' ]
198 verbose reify failed optional dependency /root/node_modules/@esbuild/win32-ia32
199 silly reify mark deleted [ '/root/node_modules/@esbuild/win32-ia32' ]
200 verbose reify failed optional dependency /root/node_modules/@esbuild/win32-arm64
201 silly reify mark deleted [ '/root/node_modules/@esbuild/win32-arm64' ]
202 verbose reify failed optional dependency /root/node_modules/@esbuild/sunos-x64
203 silly reify mark deleted [ '/root/node_modules/@esbuild/sunos-x64' ]
204 verbose reify failed optional dependency /root/node_modules/@esbuild/openharmony-arm64
205 silly reify mark deleted [ '/root/node_modules/@esbuild/openharmony-arm64' ]
206 verbose reify failed optional dependency /root/node_modules/@esbuild/openbsd-x64
207 silly reify mark deleted [ '/root/node_modules/@esbuild/openbsd-x64' ]
208 verbose reify failed optional dependency /root/node_modules/@esbuild/openbsd-arm64
209 silly reify mark deleted [ '/root/node_modules/@esbuild/openbsd-arm64' ]
210 verbose reify failed optional dependency /root/node_modules/@esbuild/netbsd-x64
211 silly reify mark deleted [ '/root/node_modules/@esbuild/netbsd-x64' ]
212 verbose reify failed optional dependency /root/node_modules/@esbuild/netbsd-arm64
213 silly reify mark deleted [ '/root/node_modules/@esbuild/netbsd-arm64' ]
214 verbose reify failed optional dependency /root/node_modules/@esbuild/linux-s390x
215 silly reify mark deleted [ '/root/node_modules/@esbuild/linux-s390x' ]
216 verbose reify failed optional dependency /root/node_modules/@esbuild/linux-riscv64
217 silly reify mark deleted [ '/root/node_modules/@esbuild/linux-riscv64' ]
218 verbose reify failed optional dependency /root/node_modules/@esbuild/linux-ppc64
219 silly reify mark deleted [ '/root/node_modules/@esbuild/linux-ppc64' ]
220 verbose reify failed optional dependency /root/node_modules/@esbuild/linux-mips64el
221 silly reify mark deleted [ '/root/node_modules/@esbuild/linux-mips64el' ]
222 verbose reify failed optional dependency /root/node_modules/@esbuild/linux-loong64
223 silly reify mark deleted [ '/root/node_modules/@esbuild/linux-loong64' ]
224 verbose reify failed optional dependency /root/node_modules/@esbuild/linux-ia32
225 silly reify mark deleted [ '/root/node_modules/@esbuild/linux-ia32' ]
226 verbose reify failed optional dependency /root/node_modules/@esbuild/linux-arm64
227 silly reify mark deleted [ '/root/node_modules/@esbuild/linux-arm64' ]
228 verbose reify failed optional dependency /root/node_modules/@esbuild/linux-arm
229 silly reify mark deleted [ '/root/node_modules/@esbuild/linux-arm' ]
230 verbose reify failed optional dependency /root/node_modules/@esbuild/freebsd-x64
231 silly reify mark deleted [ '/root/node_modules/@esbuild/freebsd-x64' ]
232 verbose reify failed optional dependency /root/node_modules/@esbuild/freebsd-arm64
233 silly reify mark deleted [ '/root/node_modules/@esbuild/freebsd-arm64' ]
234 verbose reify failed optional dependency /root/node_modules/@esbuild/darwin-x64
235 silly reify mark deleted [ '/root/node_modules/@esbuild/darwin-x64' ]
236 verbose reify failed optional dependency /root/node_modules/@esbuild/darwin-arm64
237 silly reify mark deleted [ '/root/node_modules/@esbuild/darwin-arm64' ]
238 verbose reify failed optional dependency /root/node_modules/@esbuild/android-x64
239 silly reify mark deleted [ '/root/node_modules/@esbuild/android-x64' ]
240 verbose reify failed optional dependency /root/node_modules/@esbuild/android-arm64
241 silly reify mark deleted [ '/root/node_modules/@esbuild/android-arm64' ]
242 verbose reify failed optional dependency /root/node_modules/@esbuild/android-arm
243 silly reify mark deleted [ '/root/node_modules/@esbuild/android-arm' ]
244 verbose reify failed optional dependency /root/node_modules/@esbuild/aix-ppc64
245 silly reify mark deleted [ '/root/node_modules/@esbuild/aix-ppc64' ]
246 http fetch POST 200 https://registry.npmjs.org/-/npm/v1/security/advisories/bulk 6527ms
247 silly audit report {
247 silly audit report   '@tootallnate/once': [
247 silly audit report     {
247 silly audit report       id: 1113977,
247 silly audit report       url: 'https://github.com/advisories/GHSA-vpq2-c234-7xj6',
247 silly audit report       title: '@tootallnate/once vulnerable to Incorrect Control Flow Scoping',
247 silly audit report       severity: 'low',
247 silly audit report       vulnerable_versions: '<3.0.1',
247 silly audit report       cwe: [Array],
247 silly audit report       cvss: [Object]
247 silly audit report     }
247 silly audit report   ],
247 silly audit report   minimatch: [
247 silly audit report     {
247 silly audit report       id: 1113465,
247 silly audit report       url: 'https://github.com/advisories/GHSA-3ppc-4f35-3m26',
247 silly audit report       title: 'minimatch has a ReDoS via repeated wildcards with non-matching literal in pattern',
247 silly audit report       severity: 'high',
247 silly audit report       vulnerable_versions: '>=9.0.0 <9.0.6',
247 silly audit report       cwe: [Array],
247 silly audit report       cvss: [Object]
247 silly audit report     },
247 silly audit report     {
247 silly audit report       id: 1113544,
247 silly audit report       url: 'https://github.com/advisories/GHSA-7r86-cg39-jmmj',
247 silly audit report       title: 'minimatch has ReDoS: matchOne() combinatorial backtracking via multiple non-adjacent GLOBSTAR segments',
247 silly audit report       severity: 'high',
247 silly audit report       vulnerable_versions: '>=9.0.0 <9.0.7',
247 silly audit report       cwe: [Array],
247 silly audit report       cvss: [Object]
247 silly audit report     },
247 silly audit report     {
247 silly audit report       id: 1113552,
247 silly audit report       url: 'https://github.com/advisories/GHSA-23c5-xmqv-rm74',
247 silly audit report       title: 'minimatch ReDoS: nested *() extglobs generate catastrophically backtracking regular expressions',
247 silly audit report       severity: 'high',
247 silly audit report       vulnerable_versions: '>=9.0.0 <9.0.7',
247 silly audit report       cwe: [Array],
247 silly audit report       cvss: [Object]
247 silly audit report     }
247 silly audit report   ],
247 silly audit report   qs: [
247 silly audit report     {
247 silly audit report       id: 1113161,
247 silly audit report       url: 'https://github.com/advisories/GHSA-w7fw-mjwx-w883',
247 silly audit report       title: "qs's arrayLimit bypass in comma parsing allows denial of service",
247 silly audit report       severity: 'low',
247 silly audit report       vulnerable_versions: '>=6.7.0 <=6.14.1',
247 silly audit report       cwe: [Array],
247 silly audit report       cvss: [Object]
247 silly audit report     }
247 silly audit report   ],
247 silly audit report   rollup: [
247 silly audit report     {
247 silly audit report       id: 1113515,
247 silly audit report       url: 'https://github.com/advisories/GHSA-mw96-cpmx-2vgc',
247 silly audit report       title: 'Rollup 4 has Arbitrary File Write via Path Traversal',
247 silly audit report       severity: 'high',
247 silly audit report       vulnerable_versions: '>=4.0.0 <4.59.0',
247 silly audit report       cwe: [Array],
247 silly audit report       cvss: [Object]
247 silly audit report     }
247 silly audit report   ]
247 silly audit report }
248 silly packumentCache corgi:https://registry.npmjs.org/@tootallnate%2fonce cache-miss
249 silly packumentCache corgi:https://registry.npmjs.org/minimatch cache-miss
250 silly packumentCache corgi:https://registry.npmjs.org/qs cache-miss
251 silly packumentCache corgi:https://registry.npmjs.org/rollup cache-miss
252 http fetch GET 200 https://registry.npmjs.org/qs 886ms (cache revalidated)
253 silly packumentCache corgi:https://registry.npmjs.org/qs set size:143799 disposed:false
254 http fetch GET 200 https://registry.npmjs.org/minimatch 944ms (cache revalidated)
255 silly packumentCache corgi:https://registry.npmjs.org/minimatch set size:167610 disposed:false
256 http fetch GET 200 https://registry.npmjs.org/rollup 1047ms (cache revalidated)
257 silly packumentCache corgi:https://registry.npmjs.org/rollup set size:2543476 disposed:false
258 http fetch GET 200 https://registry.npmjs.org/@tootallnate%2fonce 1153ms (cache revalidated)
259 silly packumentCache corgi:https://registry.npmjs.org/@tootallnate%2fonce set size:10818 disposed:false
260 silly packumentCache corgi:https://registry.npmjs.org/http-proxy-agent cache-miss
261 warn deprecated node-domexception@1.0.0: Use your platform's native DOMException instead
262 http fetch GET 200 https://registry.npmjs.org/http-proxy-agent 183ms (cache revalidated)
263 silly packumentCache corgi:https://registry.npmjs.org/http-proxy-agent set size:23656 disposed:false
264 silly packumentCache corgi:https://registry.npmjs.org/glob cache-miss
265 http fetch GET 200 https://registry.npmjs.org/glob 149ms (cache revalidated)
266 silly packumentCache corgi:https://registry.npmjs.org/glob set size:199194 disposed:false
267 silly packumentCache corgi:https://registry.npmjs.org/body-parser cache-miss
268 silly packumentCache corgi:https://registry.npmjs.org/express cache-miss
269 http fetch GET 200 https://registry.npmjs.org/body-parser 115ms (cache revalidated)
270 silly packumentCache corgi:https://registry.npmjs.org/body-parser set size:77795 disposed:false
271 http fetch GET 200 https://registry.npmjs.org/express 172ms (cache revalidated)
272 silly packumentCache corgi:https://registry.npmjs.org/express set size:337735 disposed:false
273 silly packumentCache corgi:https://registry.npmjs.org/vite cache-miss
274 http fetch GET 200 https://registry.npmjs.org/vite 194ms (cache revalidated)
275 silly packumentCache corgi:https://registry.npmjs.org/vite set size:2199533 disposed:false
276 silly packumentCache corgi:https://registry.npmjs.org/teeny-request cache-miss
277 http fetch GET 200 https://registry.npmjs.org/teeny-request 90ms (cache revalidated)
278 silly packumentCache corgi:https://registry.npmjs.org/teeny-request set size:96743 disposed:false
279 silly packumentCache corgi:https://registry.npmjs.org/@google-cloud%2fstorage cache-miss
280 silly packumentCache corgi:https://registry.npmjs.org/retry-request cache-miss
281 http fetch GET 200 https://registry.npmjs.org/retry-request 99ms (cache revalidated)
282 silly packumentCache corgi:https://registry.npmjs.org/retry-request set size:40804 disposed:false
283 http fetch GET 200 https://registry.npmjs.org/@google-cloud%2fstorage 112ms (cache revalidated)
284 silly packumentCache corgi:https://registry.npmjs.org/@google-cloud%2fstorage set size:478103 disposed:false
285 info run bufferutil@4.1.0 install node_modules/bufferutil node-gyp-build
286 info run bufferutil@4.1.0 install { code: 0, signal: null }
287 info run esbuild@0.25.12 postinstall node_modules/esbuild node install.js
288 info run esbuild@0.25.12 postinstall { code: 0, signal: null }
289 info run esbuild@0.27.2 postinstall node_modules/vite/node_modules/esbuild node install.js
290 info run esbuild@0.27.2 postinstall { code: 0, signal: null }
291 info run esbuild@0.27.2 postinstall node_modules/drizzle-kit/node_modules/@esbuild-kit/esm-loader/node_modules/esbuild node install.js
292 info run esbuild@0.27.2 postinstall { code: 0, signal: null }
293 silly ADD node_modules/zod-validation-error
294 silly ADD node_modules/zod
295 silly ADD node_modules/yocto-queue
296 silly ADD node_modules/yaml
297 silly ADD node_modules/yallist
298 silly ADD node_modules/xtend
299 silly ADD node_modules/xpath
300 silly ADD node_modules/xml-crypto
301 silly ADD node_modules/ws
302 silly ADD node_modules/wrappy
303 silly ADD node_modules/wrap-ansi-cjs
304 silly ADD node_modules/wrap-ansi-cjs/node_modules/strip-ansi
305 silly ADD node_modules/wrap-ansi-cjs/node_modules/string-width
306 silly ADD node_modules/wrap-ansi-cjs/node_modules/emoji-regex
307 silly ADD node_modules/wrap-ansi-cjs/node_modules/ansi-styles
308 silly ADD node_modules/wrap-ansi-cjs/node_modules/ansi-regex
309 silly ADD node_modules/wrap-ansi
310 silly ADD node_modules/wouter
311 silly ADD node_modules/wildcard
312 silly ADD node_modules/which
313 silly ADD node_modules/whatwg-url
314 silly ADD node_modules/webidl-conversions
315 silly ADD node_modules/web-streams-polyfill
316 silly ADD node_modules/vite
317 silly ADD node_modules/vite/node_modules/picomatch
318 silly ADD node_modules/vite/node_modules/fdir
319 silly ADD node_modules/vite/node_modules/esbuild
320 silly ADD
321 silly ADD
322 silly ADD
323 silly ADD
324 silly ADD
325 silly ADD
326 silly ADD
327 silly ADD
328 silly ADD
329 silly ADD node_modules/vite/node_modules/@esbuild/linux-x64
330 silly ADD
331 silly ADD
332 silly ADD
333 silly ADD
334 silly ADD
335 silly ADD
336 silly ADD
337 silly ADD
338 silly ADD
339 silly ADD
340 silly ADD
341 silly ADD
342 silly ADD
343 silly ADD
344 silly ADD
345 silly ADD
346 silly ADD node_modules/victory-vendor
347 silly ADD node_modules/vaul
348 silly ADD node_modules/vary
349 silly ADD node_modules/uuid
350 silly ADD node_modules/utils-merge
351 silly ADD node_modules/util-deprecate
352 silly ADD node_modules/use-sync-external-store
353 silly ADD node_modules/use-sidecar
354 silly ADD node_modules/use-callback-ref
355 silly ADD node_modules/update-browserslist-db
356 silly ADD node_modules/unzipper
357 silly ADD node_modules/unpipe
358 silly ADD node_modules/universalify
359 silly ADD node_modules/universal-user-agent
360 silly ADD node_modules/undici-types
361 silly ADD node_modules/uid2
362 silly ADD node_modules/uid-safe
363 silly ADD node_modules/typescript
364 silly ADD node_modules/typedarray
365 silly ADD node_modules/type-is
366 silly ADD node_modules/tw-animate-css
367 silly ADD node_modules/tsx
368 silly ADD node_modules/tslib
369 silly ADD node_modules/ts-interface-checker
370 silly ADD node_modules/tr46
371 silly ADD node_modules/toidentifier
372 silly ADD node_modules/to-regex-range
373 silly ADD node_modules/tinyglobby
374 silly ADD node_modules/tinyglobby/node_modules/picomatch
375 silly ADD node_modules/tinyglobby/node_modules/fdir
376 silly ADD node_modules/tiny-invariant
377 silly ADD node_modules/thenify-all
378 silly ADD node_modules/thenify
379 silly ADD node_modules/teeny-request
380 silly ADD node_modules/teeny-request/node_modules/uuid
381 silly ADD node_modules/teeny-request/node_modules/https-proxy-agent
382 silly ADD node_modules/teeny-request/node_modules/agent-base
383 silly ADD node_modules/tapable
384 silly ADD node_modules/tailwindcss-animate
385 silly ADD node_modules/tailwindcss
386 silly ADD node_modules/tailwind-merge
387 silly ADD node_modules/supports-preserve-symlinks-flag
388 silly ADD node_modules/sucrase
389 silly ADD node_modules/stubs
390 silly ADD node_modules/strnum
391 silly ADD node_modules/strip-ansi-cjs
392 silly ADD node_modules/strip-ansi-cjs/node_modules/ansi-regex
393 silly ADD node_modules/strip-ansi
394 silly ADD node_modules/string-width-cjs
395 silly ADD node_modules/string-width-cjs/node_modules/strip-ansi
396 silly ADD node_modules/string-width-cjs/node_modules/emoji-regex
397 silly ADD node_modules/string-width-cjs/node_modules/ansi-regex
398 silly ADD node_modules/string-width
399 silly ADD node_modules/string_decoder
400 silly ADD node_modules/streamsearch
401 silly ADD node_modules/stream-shift
402 silly ADD node_modules/stream-events
403 silly ADD node_modules/statuses
404 silly ADD node_modules/split2
405 silly ADD node_modules/source-map-js
406 silly ADD node_modules/signal-exit
407 silly ADD node_modules/side-channel-weakmap
408 silly ADD node_modules/side-channel-map
409 silly ADD node_modules/side-channel-list
410 silly ADD node_modules/side-channel
411 silly ADD node_modules/shebang-regex
412 silly ADD node_modules/shebang-command
413 silly ADD node_modules/shallow-equal
414 silly ADD node_modules/setprototypeof
415 silly ADD node_modules/serve-static
416 silly ADD node_modules/send
417 silly ADD node_modules/send/node_modules/debug
418 silly ADD node_modules/semver
419 silly ADD node_modules/scheduler
420 silly ADD node_modules/safer-buffer
421 silly ADD node_modules/safe-buffer
422 silly ADD node_modules/run-parallel
423 silly ADD node_modules/router
424 silly ADD node_modules/router/node_modules/debug
425 silly ADD node_modules/rollup
426 silly ADD node_modules/rimraf
427 silly ADD node_modules/reusify
428 silly ADD node_modules/retry-request
429 silly ADD node_modules/retry
430 silly ADD node_modules/resolve-pkg-maps
431 silly ADD node_modules/resolve
432 silly ADD node_modules/regexparam
433 silly ADD node_modules/regenerator-runtime
434 silly ADD node_modules/redux
435 silly ADD node_modules/recharts-scale
436 silly ADD node_modules/recharts
437 silly ADD node_modules/readdirp
438 silly ADD node_modules/readable-stream
439 silly ADD node_modules/read-cache
440 silly ADD node_modules/react-transition-group
441 silly ADD node_modules/react-style-singleton
442 silly ADD node_modules/react-smooth
443 silly ADD node_modules/react-resizable-panels
444 silly ADD node_modules/react-remove-scroll-bar
445 silly ADD node_modules/react-remove-scroll
446 silly ADD node_modules/react-refresh
447 silly ADD node_modules/react-redux
448 silly ADD node_modules/react-is
449 silly ADD node_modules/react-icons
450 silly ADD node_modules/react-hook-form
451 silly ADD node_modules/react-dom
452 silly ADD node_modules/react-day-picker
453 silly ADD node_modules/react
454 silly ADD node_modules/raw-body
455 silly ADD node_modules/range-parser
456 silly ADD node_modules/random-bytes
457 silly ADD node_modules/raf-schd
458 silly ADD node_modules/queue-microtask
459 silly ADD node_modules/qs
460 silly ADD node_modules/pseudomap
461 silly ADD node_modules/proxy-addr
462 silly ADD node_modules/prop-types
463 silly ADD node_modules/prop-types/node_modules/react-is
464 silly ADD node_modules/process-nextick-args
465 silly ADD node_modules/pretty-bytes
466 silly ADD node_modules/preact
467 silly ADD node_modules/postgres-range
468 silly ADD node_modules/postgres-interval
469 silly ADD node_modules/postgres-date
470 silly ADD node_modules/postgres-bytea
471 silly ADD node_modules/postgres-array
472 silly ADD node_modules/postcss-value-parser
473 silly ADD node_modules/postcss-selector-parser
474 silly ADD node_modules/postcss-nested
475 silly ADD node_modules/postcss-load-config
476 silly ADD node_modules/postcss-js
477 silly ADD node_modules/postcss-import
478 silly ADD node_modules/postcss
479 silly ADD node_modules/pirates
480 silly ADD node_modules/pify
481 silly ADD node_modules/picomatch
482 silly ADD node_modules/picocolors
483 silly ADD node_modules/pgpass
484 silly ADD node_modules/pg-types
485 silly ADD node_modules/pg-protocol
486 silly ADD node_modules/pg-pool
487 silly ADD node_modules/pg-numeric
488 silly ADD node_modules/pg-int8
489 silly ADD node_modules/pg-connection-string
490 silly ADD node_modules/pg-cloudflare
491 silly ADD node_modules/pg
492 silly ADD node_modules/pg/node_modules/postgres-interval
493 silly ADD node_modules/pg/node_modules/postgres-date
494 silly ADD node_modules/pg/node_modules/postgres-bytea
495 silly ADD node_modules/pg/node_modules/postgres-array
496 silly ADD node_modules/pg/node_modules/pg-types
497 silly ADD node_modules/pause
498 silly ADD node_modules/path-to-regexp
499 silly ADD node_modules/path-scurry
500 silly ADD node_modules/path-scurry/node_modules/lru-cache
501 silly ADD node_modules/path-parse
502 silly ADD node_modules/path-key
503 silly ADD node_modules/passport-strategy
504 silly ADD node_modules/passport-oauth2
505 silly ADD node_modules/passport-local
506 silly ADD node_modules/passport-google-oauth20
507 silly ADD node_modules/passport
508 silly ADD node_modules/parseurl
509 silly ADD node_modules/package-json-from-dist
510 silly ADD node_modules/p-timeout
511 silly ADD node_modules/p-retry
512 silly ADD node_modules/p-queue
513 silly ADD node_modules/p-queue/node_modules/eventemitter3
514 silly ADD node_modules/p-limit
515 silly ADD node_modules/once
516 silly ADD node_modules/on-headers
517 silly ADD node_modules/on-finished
518 silly ADD node_modules/obuf
519 silly ADD node_modules/object-inspect
520 silly ADD node_modules/object-hash
521 silly ADD node_modules/object-assign
522 silly ADD node_modules/oauth
523 silly ADD node_modules/normalize-range
524 silly ADD node_modules/normalize-path
525 silly ADD node_modules/nodemailer
526 silly ADD node_modules/node-releases
527 silly ADD node_modules/node-int64
528 silly ADD node_modules/node-gyp-build
529 silly ADD node_modules/node-forge
530 silly ADD node_modules/node-fetch
531 silly ADD node_modules/node-domexception
532 silly ADD node_modules/next-themes
533 silly ADD node_modules/negotiator
534 silly ADD node_modules/nanoid
535 silly ADD node_modules/namespace-emitter
536 silly ADD node_modules/mz
537 silly ADD node_modules/multer
538 silly ADD node_modules/multer/node_modules/type-is
539 silly ADD node_modules/multer/node_modules/mime-types
540 silly ADD node_modules/multer/node_modules/mime-db
541 silly ADD node_modules/multer/node_modules/media-typer
542 silly ADD node_modules/ms
543 silly ADD node_modules/motion-utils
544 silly ADD node_modules/motion-dom
545 silly ADD node_modules/modern-screenshot
546 silly ADD node_modules/mitt
547 silly ADD node_modules/minipass
548 silly ADD node_modules/minimatch
549 silly ADD node_modules/mime-types
550 silly ADD node_modules/mime-match
551 silly ADD node_modules/mime-db
552 silly ADD node_modules/mime
553 silly ADD node_modules/micromatch
554 silly ADD node_modules/merge2
555 silly ADD node_modules/merge-descriptors
556 silly ADD node_modules/memorystore
557 silly ADD node_modules/memorystore/node_modules/yallist
558 silly ADD node_modules/memorystore/node_modules/lru-cache
559 silly ADD node_modules/media-typer
560 silly ADD node_modules/math-intrinsics
561 silly ADD node_modules/magic-string
562 silly ADD node_modules/lucide-react
563 silly ADD node_modules/lru-cache
564 silly ADD node_modules/loose-envify
565 silly ADD node_modules/lodash.merge
566 silly ADD node_modules/lodash.isplainobject
567 silly ADD node_modules/lodash.castarray
568 silly ADD node_modules/lodash
569 silly ADD node_modules/lines-and-columns
570 silly ADD node_modules/lilconfig
571 silly ADD
572 silly ADD
573 silly ADD node_modules/lightningcss-linux-x64-musl
574 silly ADD node_modules/lightningcss-linux-x64-gnu
575 silly ADD
576 silly ADD
577 silly ADD
578 silly ADD
579 silly ADD
580 silly ADD
581 silly ADD
582 silly ADD node_modules/lightningcss
583 silly ADD node_modules/jws
584 silly ADD node_modules/jwa
585 silly ADD node_modules/jsonfile
586 silly ADD node_modules/json5
587 silly ADD node_modules/json-bigint
588 silly ADD node_modules/jsesc
589 silly ADD node_modules/js-tokens
590 silly ADD node_modules/jiti
591 silly ADD node_modules/jackspeak
592 silly ADD node_modules/isexe
593 silly ADD node_modules/isarray
594 silly ADD node_modules/is-stream
595 silly ADD node_modules/is-promise
596 silly ADD node_modules/is-number
597 silly ADD node_modules/is-network-error
598 silly ADD node_modules/is-glob
599 silly ADD node_modules/is-fullwidth-code-point
600 silly ADD node_modules/is-extglob
601 silly ADD node_modules/is-core-module
602 silly ADD node_modules/is-binary-path
603 silly ADD node_modules/ipaddr.js
604 silly ADD node_modules/internmap
605 silly ADD node_modules/input-otp
606 silly ADD node_modules/inherits
607 silly ADD node_modules/iconv-lite
608 silly ADD node_modules/https-proxy-agent
609 silly ADD node_modules/http-proxy-agent
610 silly ADD node_modules/http-proxy-agent/node_modules/agent-base
611 silly ADD node_modules/http-errors
612 silly ADD node_modules/html-entities
613 silly ADD node_modules/hasown
614 silly ADD node_modules/has-tostringtag
615 silly ADD node_modules/has-symbols
616 silly ADD node_modules/gtoken
617 silly ADD node_modules/graceful-fs
618 silly ADD node_modules/gopd
619 silly ADD node_modules/google-logging-utils
620 silly ADD node_modules/google-auth-library
621 silly ADD node_modules/google-auth-library/node_modules/node-fetch
622 silly ADD node_modules/google-auth-library/node_modules/gaxios
623 silly ADD node_modules/glob-parent
624 silly ADD node_modules/glob
625 silly ADD node_modules/get-tsconfig
626 silly ADD node_modules/get-proto
627 silly ADD node_modules/get-nonce
628 silly ADD node_modules/get-intrinsic
629 silly ADD node_modules/gensync
630 silly ADD node_modules/gcp-metadata
631 silly ADD node_modules/gcp-metadata/node_modules/node-fetch
632 silly ADD node_modules/gcp-metadata/node_modules/gaxios
633 silly ADD node_modules/gaxios
634 silly ADD node_modules/gaxios/node_modules/uuid
635 silly ADD node_modules/function-bind
636 silly ADD
637 silly ADD node_modules/fs-extra
638 silly ADD node_modules/fresh
639 silly ADD node_modules/framer-motion
640 silly ADD node_modules/fraction.js
641 silly ADD node_modules/forwarded
642 silly ADD node_modules/formdata-polyfill
643 silly ADD node_modules/form-data
644 silly ADD node_modules/form-data/node_modules/mime-types
645 silly ADD node_modules/form-data/node_modules/mime-db
646 silly ADD node_modules/foreground-child
647 silly ADD node_modules/finalhandler
648 silly ADD node_modules/finalhandler/node_modules/debug
649 silly ADD node_modules/fill-range
650 silly ADD node_modules/fetch-blob
651 silly ADD node_modules/fastq
652 silly ADD node_modules/fast-xml-parser
653 silly ADD node_modules/fast-xml-builder
654 silly ADD node_modules/fast-glob
655 silly ADD node_modules/fast-glob/node_modules/glob-parent
656 silly ADD node_modules/fast-equals
657 silly ADD node_modules/fast-content-type-parse
658 silly ADD node_modules/extend
659 silly ADD node_modules/express-session
660 silly ADD node_modules/express-session/node_modules/ms
661 silly ADD node_modules/express-session/node_modules/debug
662 silly ADD node_modules/express-session/node_modules/cookie-signature
663 silly ADD node_modules/express-session/node_modules/cookie
664 silly ADD node_modules/express
665 silly ADD node_modules/express/node_modules/debug
666 silly ADD node_modules/exifr
667 silly ADD node_modules/eventemitter3
668 silly ADD node_modules/event-target-shim
669 silly ADD node_modules/etag
670 silly ADD node_modules/escape-html
671 silly ADD node_modules/escalade
672 silly ADD node_modules/esbuild-register
673 silly ADD node_modules/esbuild
674 silly ADD node_modules/es-set-tostringtag
675 silly ADD node_modules/es-object-atoms
676 silly ADD node_modules/es-errors
677 silly ADD node_modules/es-define-property
678 silly ADD node_modules/enhanced-resolve
679 silly ADD node_modules/end-of-stream
680 silly ADD node_modules/encodeurl
681 silly ADD node_modules/emoji-regex
682 silly ADD node_modules/embla-carousel-reactive-utils
683 silly ADD node_modules/embla-carousel-react
684 silly ADD node_modules/embla-carousel
685 silly ADD node_modules/electron-to-chromium
686 silly ADD node_modules/ee-first
687 silly ADD node_modules/ecdsa-sig-formatter
688 silly ADD node_modules/eastasianwidth
689 silly ADD node_modules/duplexify
690 silly ADD node_modules/duplexer2
691 silly ADD node_modules/duplexer2/node_modules/string_decoder
692 silly ADD node_modules/duplexer2/node_modules/safe-buffer
693 silly ADD node_modules/duplexer2/node_modules/readable-stream
694 silly ADD node_modules/dunder-proto
695 silly ADD node_modules/drizzle-zod
696 silly ADD node_modules/drizzle-orm
697 silly ADD node_modules/drizzle-kit
698 silly ADD
699 silly ADD
700 silly ADD
701 silly ADD
702 silly ADD
703 silly ADD
704 silly ADD
705 silly ADD
706 silly ADD
707 silly ADD node_modules/drizzle-kit/node_modules/@esbuild/linux-x64
708 silly ADD
709 silly ADD
710 silly ADD
711 silly ADD
712 silly ADD
713 silly ADD
714 silly ADD
715 silly ADD
716 silly ADD
717 silly ADD
718 silly ADD
719 silly ADD
720 silly ADD
721 silly ADD
722 silly ADD
723 silly ADD
724 silly ADD node_modules/drizzle-kit/node_modules/@esbuild-kit/esm-loader
725 silly ADD node_modules/drizzle-kit/node_modules/@esbuild-kit/esm-loader/node_modules/esbuild
726 silly ADD node_modules/dotenv
727 silly ADD node_modules/dom-helpers
728 silly ADD node_modules/dlv
729 silly ADD node_modules/didyoumean
730 silly ADD node_modules/detect-node-es
731 silly ADD node_modules/detect-libc
732 silly ADD node_modules/dequal
733 silly ADD node_modules/depd
734 silly ADD node_modules/delayed-stream
735 silly ADD node_modules/decimal.js-light
736 silly ADD node_modules/debug
737 silly ADD node_modules/date-fns
738 silly ADD node_modules/data-uri-to-buffer
739 silly ADD node_modules/d3-timer
740 silly ADD node_modules/d3-time-format
741 silly ADD node_modules/d3-time
742 silly ADD node_modules/d3-shape
743 silly ADD node_modules/d3-scale
744 silly ADD node_modules/d3-path
745 silly ADD node_modules/d3-interpolate
746 silly ADD node_modules/d3-format
747 silly ADD node_modules/d3-ease
748 silly ADD node_modules/d3-color
749 silly ADD node_modules/d3-array
750 silly ADD node_modules/csstype
751 silly ADD node_modules/cssesc
752 silly ADD node_modules/css-box-model
753 silly ADD node_modules/cross-spawn
754 silly ADD node_modules/core-util-is
755 silly ADD node_modules/cookie-signature
756 silly ADD node_modules/cookie
757 silly ADD node_modules/convert-source-map
758 silly ADD node_modules/content-type
759 silly ADD node_modules/content-disposition
760 silly ADD node_modules/connect-pg-simple
761 silly ADD node_modules/concat-stream
762 silly ADD node_modules/commander
763 silly ADD node_modules/combined-stream
764 silly ADD node_modules/color-name
765 silly ADD node_modules/color-convert
766 silly ADD node_modules/cmdk
767 silly ADD node_modules/clsx
768 silly ADD node_modules/classnames
769 silly ADD node_modules/class-variance-authority
770 silly ADD node_modules/chokidar
771 silly ADD node_modules/chokidar/node_modules/glob-parent
772 silly ADD node_modules/caniuse-lite
773 silly ADD node_modules/camelcase-css
774 silly ADD node_modules/call-bound
775 silly ADD node_modules/call-bind-apply-helpers
776 silly ADD node_modules/bytes
777 silly ADD node_modules/busboy
778 silly ADD node_modules/bufferutil
779 silly ADD node_modules/buffer-from
780 silly ADD node_modules/buffer-equal-constant-time
781 silly ADD node_modules/browserslist
782 silly ADD node_modules/braces
783 silly ADD node_modules/brace-expansion
784 silly ADD node_modules/body-parser
785 silly ADD node_modules/body-parser/node_modules/debug
786 silly ADD node_modules/bluebird
787 silly ADD node_modules/binary-extensions
788 silly ADD node_modules/bignumber.js
789 silly ADD node_modules/before-after-hook
790 silly ADD node_modules/base64url
791 silly ADD node_modules/base64-js
792 silly ADD node_modules/balanced-match
793 silly ADD node_modules/autoprefixer
794 silly ADD node_modules/asynckit
795 silly ADD node_modules/async-retry
796 silly ADD node_modules/arrify
797 silly ADD node_modules/aria-hidden
798 silly ADD node_modules/arg
799 silly ADD node_modules/append-field
800 silly ADD node_modules/anymatch
801 silly ADD node_modules/any-promise
802 silly ADD node_modules/ansi-styles
803 silly ADD node_modules/ansi-regex
804 silly ADD node_modules/agent-base
805 silly ADD node_modules/accepts
806 silly ADD node_modules/abort-controller
807 silly ADD node_modules/@xmldom/xmldom
808 silly ADD node_modules/@xmldom/is-dom-node
809 silly ADD node_modules/@vitejs/plugin-react
810 silly ADD node_modules/@uppy/utils
811 silly ADD node_modules/@uppy/thumbnail-generator
812 silly ADD node_modules/@uppy/store-default
813 silly ADD node_modules/@uppy/react
814 silly ADD node_modules/@uppy/provider-views
815 silly ADD node_modules/@uppy/provider-views/node_modules/nanoid
816 silly ADD node_modules/@uppy/dashboard
817 silly ADD node_modules/@uppy/dashboard/node_modules/nanoid
818 silly ADD node_modules/@uppy/core
819 silly ADD node_modules/@uppy/core/node_modules/nanoid
820 silly ADD node_modules/@uppy/components
821 silly ADD node_modules/@uppy/companion-client
822 silly ADD node_modules/@uppy/aws-s3
823 silly ADD node_modules/@types/ws
824 silly ADD node_modules/@types/uuid
825 silly ADD node_modules/@types/use-sync-external-store
826 silly ADD node_modules/@types/unzipper
827 silly ADD node_modules/@types/tough-cookie
828 silly ADD node_modules/@types/serve-static
829 silly ADD node_modules/@types/send
830 silly ADD node_modules/@types/retry
831 silly ADD node_modules/@types/request
832 silly ADD node_modules/@types/react-dom
833 silly ADD node_modules/@types/react
834 silly ADD node_modules/@types/range-parser
835 silly ADD node_modules/@types/qs
836 silly ADD node_modules/@types/prop-types
837 silly ADD node_modules/@types/pg
838 silly ADD node_modules/@types/passport-strategy
839 silly ADD node_modules/@types/passport-oauth2
840 silly ADD node_modules/@types/passport-local
841 silly ADD node_modules/@types/passport-google-oauth20
842 silly ADD node_modules/@types/passport
843 silly ADD node_modules/@types/oauth
844 silly ADD node_modules/@types/nodemailer
845 silly ADD node_modules/@types/node-forge
846 silly ADD node_modules/@types/node
847 silly ADD node_modules/@types/multer
848 silly ADD node_modules/@types/http-errors
849 silly ADD node_modules/@types/express-session
850 silly ADD node_modules/@types/express-serve-static-core
851 silly ADD node_modules/@types/express
852 silly ADD node_modules/@types/estree
853 silly ADD node_modules/@types/d3-timer
854 silly ADD node_modules/@types/d3-time
855 silly ADD node_modules/@types/d3-shape
856 silly ADD node_modules/@types/d3-scale
857 silly ADD node_modules/@types/d3-path
858 silly ADD node_modules/@types/d3-interpolate
859 silly ADD node_modules/@types/d3-ease
860 silly ADD node_modules/@types/d3-color
861 silly ADD node_modules/@types/d3-array
862 silly ADD node_modules/@types/connect-pg-simple
863 silly ADD node_modules/@types/connect
864 silly ADD node_modules/@types/caseless
865 silly ADD node_modules/@types/body-parser
866 silly ADD node_modules/@types/babel__traverse
867 silly ADD node_modules/@types/babel__template
868 silly ADD node_modules/@types/babel__generator
869 silly ADD node_modules/@types/babel__core
870 silly ADD node_modules/@transloadit/prettier-bytes
871 silly ADD node_modules/@tootallnate/once
872 silly ADD node_modules/@tanstack/react-query
873 silly ADD node_modules/@tanstack/query-core
874 silly ADD node_modules/@tailwindcss/vite
875 silly ADD node_modules/@tailwindcss/vite/node_modules/tailwindcss
876 silly ADD node_modules/@tailwindcss/typography
877 silly ADD node_modules/@tailwindcss/typography/node_modules/postcss-selector-parser
878 silly ADD
879 silly ADD
880 silly ADD
881 silly ADD node_modules/@tailwindcss/oxide-linux-x64-musl
882 silly ADD node_modules/@tailwindcss/oxide-linux-x64-gnu
883 silly ADD
884 silly ADD
885 silly ADD
886 silly ADD
887 silly ADD
888 silly ADD
889 silly ADD
890 silly ADD node_modules/@tailwindcss/oxide
891 silly ADD node_modules/@tailwindcss/node
892 silly ADD node_modules/@tailwindcss/node/node_modules/tailwindcss
893 silly ADD node_modules/@tailwindcss/node/node_modules/jiti
894 silly ADD
895 silly ADD
896 silly ADD
897 silly ADD
898 silly ADD
899 silly ADD node_modules/@rollup/rollup-linux-x64-musl
900 silly ADD node_modules/@rollup/rollup-linux-x64-gnu
901 silly ADD
902 silly ADD
903 silly ADD
904 silly ADD
905 silly ADD
906 silly ADD
907 silly ADD
908 silly ADD
909 silly ADD
910 silly ADD
911 silly ADD
912 silly ADD
913 silly ADD
914 silly ADD
915 silly ADD
916 silly ADD node_modules/@rolldown/pluginutils
917 silly ADD node_modules/@replit/vite-plugin-runtime-error-modal
918 silly ADD node_modules/@replit/vite-plugin-dev-banner
919 silly ADD node_modules/@replit/vite-plugin-cartographer
920 silly ADD node_modules/@replit/connectors-sdk
921 silly ADD node_modules/@radix-ui/rect
922 silly ADD node_modules/@radix-ui/react-visually-hidden
923 silly ADD node_modules/@radix-ui/react-use-size
924 silly ADD node_modules/@radix-ui/react-use-rect
925 silly ADD node_modules/@radix-ui/react-use-previous
926 silly ADD node_modules/@radix-ui/react-use-layout-effect
927 silly ADD node_modules/@radix-ui/react-use-escape-keydown
928 silly ADD node_modules/@radix-ui/react-use-controllable-state
929 silly ADD node_modules/@radix-ui/react-use-callback-ref
930 silly ADD node_modules/@radix-ui/react-tooltip
931 silly ADD node_modules/@radix-ui/react-toggle-group
932 silly ADD node_modules/@radix-ui/react-toggle
933 silly ADD node_modules/@radix-ui/react-toast
934 silly ADD node_modules/@radix-ui/react-tabs
935 silly ADD node_modules/@radix-ui/react-switch
936 silly ADD node_modules/@radix-ui/react-slot
937 silly ADD node_modules/@radix-ui/react-slider
938 silly ADD node_modules/@radix-ui/react-separator
939 silly ADD node_modules/@radix-ui/react-select
940 silly ADD node_modules/@radix-ui/react-scroll-area
941 silly ADD node_modules/@radix-ui/react-roving-focus
942 silly ADD node_modules/@radix-ui/react-radio-group
943 silly ADD node_modules/@radix-ui/react-progress
944 silly ADD node_modules/@radix-ui/react-primitive
945 silly ADD node_modules/@radix-ui/react-presence
946 silly ADD node_modules/@radix-ui/react-portal
947 silly ADD node_modules/@radix-ui/react-popper
948 silly ADD node_modules/@radix-ui/react-popover
949 silly ADD node_modules/@radix-ui/react-navigation-menu
950 silly ADD node_modules/@radix-ui/react-menubar
951 silly ADD node_modules/@radix-ui/react-menu
952 silly ADD node_modules/@radix-ui/react-label
953 silly ADD node_modules/@radix-ui/react-id
954 silly ADD node_modules/@radix-ui/react-hover-card
955 silly ADD node_modules/@radix-ui/react-focus-scope
956 silly ADD node_modules/@radix-ui/react-focus-guards
957 silly ADD node_modules/@radix-ui/react-dropdown-menu
958 silly ADD node_modules/@radix-ui/react-dismissable-layer
959 silly ADD node_modules/@radix-ui/react-direction
960 silly ADD node_modules/@radix-ui/react-dialog
961 silly ADD node_modules/@radix-ui/react-context-menu
962 silly ADD node_modules/@radix-ui/react-context
963 silly ADD node_modules/@radix-ui/react-compose-refs
964 silly ADD node_modules/@radix-ui/react-collection
965 silly ADD node_modules/@radix-ui/react-collapsible
966 silly ADD node_modules/@radix-ui/react-checkbox
967 silly ADD node_modules/@radix-ui/react-avatar
968 silly ADD node_modules/@radix-ui/react-aspect-ratio
969 silly ADD node_modules/@radix-ui/react-arrow
970 silly ADD node_modules/@radix-ui/react-alert-dialog
971 silly ADD node_modules/@radix-ui/react-accordion
972 silly ADD node_modules/@radix-ui/primitive
973 silly ADD node_modules/@radix-ui/number
974 silly ADD node_modules/@pkgjs/parseargs
975 silly ADD node_modules/@octokit/types
976 silly ADD node_modules/@octokit/rest
977 silly ADD node_modules/@octokit/request-error
978 silly ADD node_modules/@octokit/request
979 silly ADD node_modules/@octokit/plugin-rest-endpoint-methods
980 silly ADD node_modules/@octokit/plugin-rest-endpoint-methods/node_modules/@octokit/types
981 silly ADD node_modules/@octokit/plugin-rest-endpoint-methods/node_modules/@octokit/openapi-types
982 silly ADD node_modules/@octokit/plugin-request-log
983 silly ADD node_modules/@octokit/plugin-paginate-rest
984 silly ADD node_modules/@octokit/plugin-paginate-rest/node_modules/@octokit/types
985 silly ADD node_modules/@octokit/plugin-paginate-rest/node_modules/@octokit/openapi-types
986 silly ADD node_modules/@octokit/openapi-types
987 silly ADD node_modules/@octokit/graphql
988 silly ADD node_modules/@octokit/endpoint
989 silly ADD node_modules/@octokit/core
990 silly ADD node_modules/@octokit/auth-token
991 silly ADD node_modules/@nodelib/fs.walk
992 silly ADD node_modules/@nodelib/fs.stat
993 silly ADD node_modules/@nodelib/fs.scandir
994 silly ADD node_modules/@jridgewell/trace-mapping
995 silly ADD node_modules/@jridgewell/sourcemap-codec
996 silly ADD node_modules/@jridgewell/resolve-uri
997 silly ADD node_modules/@jridgewell/remapping
998 silly ADD node_modules/@jridgewell/gen-mapping
999 silly ADD node_modules/@isaacs/cliui
1000 silly ADD node_modules/@hookform/resolvers
1001 silly ADD node_modules/@hello-pangea/dnd
1002 silly ADD node_modules/@google-cloud/storage
1003 silly ADD node_modules/@google-cloud/storage/node_modules/google-logging-utils
1004 silly ADD node_modules/@google-cloud/storage/node_modules/google-auth-library
1005 silly ADD node_modules/@google-cloud/storage/node_modules/gcp-metadata
1006 silly ADD node_modules/@google-cloud/promisify
1007 silly ADD node_modules/@google-cloud/projectify
1008 silly ADD node_modules/@google-cloud/paginator
1009 silly ADD node_modules/@floating-ui/utils
1010 silly ADD node_modules/@floating-ui/react-dom
1011 silly ADD node_modules/@floating-ui/dom
1012 silly ADD node_modules/@floating-ui/core
1013 silly ADD
1014 silly ADD
1015 silly ADD
1016 silly ADD
1017 silly ADD
1018 silly ADD
1019 silly ADD
1020 silly ADD
1021 silly ADD
1022 silly ADD node_modules/@esbuild/linux-x64
1023 silly ADD
1024 silly ADD
1025 silly ADD
1026 silly ADD
1027 silly ADD
1028 silly ADD
1029 silly ADD
1030 silly ADD
1031 silly ADD
1032 silly ADD
1033 silly ADD
1034 silly ADD
1035 silly ADD
1036 silly ADD
1037 silly ADD
1038 silly ADD
1039 silly ADD node_modules/@drizzle-team/brocli
1040 silly ADD node_modules/@babel/types
1041 silly ADD node_modules/@babel/traverse
1042 silly ADD node_modules/@babel/template
1043 silly ADD node_modules/@babel/runtime
1044 silly ADD node_modules/@babel/plugin-transform-react-jsx-source
1045 silly ADD node_modules/@babel/plugin-transform-react-jsx-self
1046 silly ADD node_modules/@babel/parser
1047 silly ADD node_modules/@babel/helpers
1048 silly ADD node_modules/@babel/helper-validator-option
1049 silly ADD node_modules/@babel/helper-validator-identifier
1050 silly ADD node_modules/@babel/helper-string-parser
1051 silly ADD node_modules/@babel/helper-plugin-utils
1052 silly ADD node_modules/@babel/helper-module-transforms
1053 silly ADD node_modules/@babel/helper-module-imports
1054 silly ADD node_modules/@babel/helper-globals
1055 silly ADD node_modules/@babel/helper-compilation-targets
1056 silly ADD node_modules/@babel/generator
1057 silly ADD node_modules/@babel/core
1058 silly ADD node_modules/@babel/compat-data
1059 silly ADD node_modules/@babel/code-frame
1060 silly ADD node_modules/@alloc/quick-lru
1061 verbose cwd /root
1062 verbose os Linux 6.8.0-101-generic
1063 verbose node v20.20.1
1064 verbose npm  v10.8.2
1065 verbose exit 0
1066 info ok
